Starting OrderingSystemApplication on DESKTOP-ER1O27V with PID 12176 (D:\IDEAProject\ordering-system\target\classes started by Dong in D:\IDEAProject\ordering-system)
No active profile set, falling back to default profiles: default
No MyBatis mapper was found in '[com.dongtian.orderingsystem]' package. Please check your configuration.
Multiple Spring Data modules found, entering strict repository configuration mode!
Bootstrapping Spring Data JPA repositories in DEFAULT mode.
Finished Spring Data repository scanning in 241ms. Found 10 JPA repository interfaces.
Multiple Spring Data modules found, entering strict repository configuration mode!
Bootstrapping Spring Data Redis repositories in DEFAULT mode.
Spring Data Redis - Could not safely identify store assignment for repository candidate interface com.dongtian.orderingsystem.dao.OrderDetailRepository. If you want this repository to be a Redis repository, consider annotating your entities with one of these annotations: org.springframework.data.redis.core.RedisHash (preferred), or consider extending one of the following types with your repository: org.springframework.data.keyvalue.repository.KeyValueRepository.
Spring Data Redis - Could not safely identify store assignment for repository candidate interface com.dongtian.orderingsystem.dao.OrderInfoRepository. If you want this repository to be a Redis repository, consider annotating your entities with one of these annotations: org.springframework.data.redis.core.RedisHash (preferred), or consider extending one of the following types with your repository: org.springframework.data.keyvalue.repository.KeyValueRepository.
Spring Data Redis - Could not safely identify store assignment for repository candidate interface com.dongtian.orderingsystem.dao.PaymentInfoRepository. If you want this repository to be a Redis repository, consider annotating your entities with one of these annotations: org.springframework.data.redis.core.RedisHash (preferred), or consider extending one of the following types with your repository: org.springframework.data.keyvalue.repository.KeyValueRepository.
Spring Data Redis - Could not safely identify store assignment for repository candidate interface com.dongtian.orderingsystem.dao.PaymentTypeRepository. If you want this repository to be a Redis repository, consider annotating your entities with one of these annotations: org.springframework.data.redis.core.RedisHash (preferred), or consider extending one of the following types with your repository: org.springframework.data.keyvalue.repository.KeyValueRepository.
Spring Data Redis - Could not safely identify store assignment for repository candidate interface com.dongtian.orderingsystem.dao.ProductCategoryRepository. If you want this repository to be a Redis repository, consider annotating your entities with one of these annotations: org.springframework.data.redis.core.RedisHash (preferred), or consider extending one of the following types with your repository: org.springframework.data.keyvalue.repository.KeyValueRepository.
Spring Data Redis - Could not safely identify store assignment for repository candidate interface com.dongtian.orderingsystem.dao.ProductInfoRepository. If you want this repository to be a Redis repository, consider annotating your entities with one of these annotations: org.springframework.data.redis.core.RedisHash (preferred), or consider extending one of the following types with your repository: org.springframework.data.keyvalue.repository.KeyValueRepository.
Spring Data Redis - Could not safely identify store assignment for repository candidate interface com.dongtian.orderingsystem.dao.RatingRepository. If you want this repository to be a Redis repository, consider annotating your entities with one of these annotations: org.springframework.data.redis.core.RedisHash (preferred), or consider extending one of the following types with your repository: org.springframework.data.keyvalue.repository.KeyValueRepository.
Spring Data Redis - Could not safely identify store assignment for repository candidate interface com.dongtian.orderingsystem.dao.ShopsRepository. If you want this repository to be a Redis repository, consider annotating your entities with one of these annotations: org.springframework.data.redis.core.RedisHash (preferred), or consider extending one of the following types with your repository: org.springframework.data.keyvalue.repository.KeyValueRepository.
Spring Data Redis - Could not safely identify store assignment for repository candidate interface com.dongtian.orderingsystem.dao.SupportsRepository. If you want this repository to be a Redis repository, consider annotating your entities with one of these annotations: org.springframework.data.redis.core.RedisHash (preferred), or consider extending one of the following types with your repository: org.springframework.data.keyvalue.repository.KeyValueRepository.
Spring Data Redis - Could not safely identify store assignment for repository candidate interface com.dongtian.orderingsystem.dao.UserRepository. If you want this repository to be a Redis repository, consider annotating your entities with one of these annotations: org.springframework.data.redis.core.RedisHash (preferred), or consider extending one of the following types with your repository: org.springframework.data.keyvalue.repository.KeyValueRepository.
Finished Spring Data repository scanning in 52ms. Found 0 Redis repository interfaces.
Tomcat initialized with port(s): 8080 (http)
Initializing ProtocolHandler ["http-nio-8080"]
Starting service [Tomcat]
Starting Servlet engine: [Apache Tomcat/9.0.31]
Initializing Spring embedded WebApplicationContext
Root WebApplicationContext: initialization completed in 5975 ms
HHH000204: Processing PersistenceUnitInfo [name: default]
HHH000412: Hibernate ORM core version 5.4.12.Final
HCANN000001: Hibernate Commons Annotations {5.1.0.Final}
{dataSource-1} inited
HHH000400: Using dialect: org.hibernate.dialect.MySQL8Dialect
HHH000490: Using JtaPlatform implementation: [org.hibernate.engine.transaction.jta.platform.internal.NoJtaPlatform]
Initialized JPA EntityManagerFactory for persistence unit 'default'
spring.jpa.open-in-view is enabled by default. Therefore, database queries may be performed during view rendering. Explicitly configure spring.jpa.open-in-view to disable this warning
Starting ProtocolHandler ["http-nio-8080"]
Tomcat started on port(s): 8080 (http) with context path '/ordering-system'
Started OrderingSystemApplication in 18.42 seconds (JVM running for 22.047)
从classpath: /D:/IDEAProject/ordering-system/target/classes/ 获取属性文件acp_sdk.properties
开始从属性文件中加载配置项
配置项：私钥签名证书路径==>acpsdk.signCert.path==>/certs/acp_test_sign.pfx 已加载
配置项：私钥签名证书密码==>acpsdk.signCert.pwd 已加载
配置项：私钥签名证书类型==>acpsdk.signCert.type==>PKCS12 已加载
配置项：敏感信息加密证书==>acpsdk.encryptCert.path==>D:/certs/acp_test_enc.cer 已加载
Initializing Spring DispatcherServlet 'dispatcherServlet'
Initializing Servlet 'dispatcherServlet'
Completed initialization in 88 ms
【登录校验】Cookie中查不到token
Resolved [org.springframework.web.bind.MissingServletRequestParameterException: Required String parameter 'score' is not present]
Resolved [org.springframework.web.bind.MissingServletRequestParameterException: Required String parameter 'score' is not present]
