Starting OrderingSystemApplication on DESKTOP-ER1O27V with PID 18208 (D:\IDEAProject\ordering-system\target\classes started by Dong in D:\IDEAProject\ordering-system)
No active profile set, falling back to default profiles: default
No MyBatis mapper was found in '[com.dongtian.orderingsystem]' package. Please check your configuration.
Multiple Spring Data modules found, entering strict repository configuration mode!
Bootstrapping Spring Data JPA repositories in DEFAULT mode.
Finished Spring Data repository scanning in 252ms. Found 10 JPA repository interfaces.
Multiple Spring Data modules found, entering strict repository configuration mode!
Bootstrapping Spring Data Redis repositories in DEFAULT mode.
Spring Data Redis - Could not safely identify store assignment for repository candidate interface com.dongtian.orderingsystem.dao.OrderDetailRepository. If you want this repository to be a Redis repository, consider annotating your entities with one of these annotations: org.springframework.data.redis.core.RedisHash (preferred), or consider extending one of the following types with your repository: org.springframework.data.keyvalue.repository.KeyValueRepository.
Spring Data Redis - Could not safely identify store assignment for repository candidate interface com.dongtian.orderingsystem.dao.OrderInfoRepository. If you want this repository to be a Redis repository, consider annotating your entities with one of these annotations: org.springframework.data.redis.core.RedisHash (preferred), or consider extending one of the following types with your repository: org.springframework.data.keyvalue.repository.KeyValueRepository.
Spring Data Redis - Could not safely identify store assignment for repository candidate interface com.dongtian.orderingsystem.dao.PaymentInfoRepository. If you want this repository to be a Redis repository, consider annotating your entities with one of these annotations: org.springframework.data.redis.core.RedisHash (preferred), or consider extending one of the following types with your repository: org.springframework.data.keyvalue.repository.KeyValueRepository.
Spring Data Redis - Could not safely identify store assignment for repository candidate interface com.dongtian.orderingsystem.dao.PaymentTypeRepository. If you want this repository to be a Redis repository, consider annotating your entities with one of these annotations: org.springframework.data.redis.core.RedisHash (preferred), or consider extending one of the following types with your repository: org.springframework.data.keyvalue.repository.KeyValueRepository.
Spring Data Redis - Could not safely identify store assignment for repository candidate interface com.dongtian.orderingsystem.dao.ProductCategoryRepository. If you want this repository to be a Redis repository, consider annotating your entities with one of these annotations: org.springframework.data.redis.core.RedisHash (preferred), or consider extending one of the following types with your repository: org.springframework.data.keyvalue.repository.KeyValueRepository.
Spring Data Redis - Could not safely identify store assignment for repository candidate interface com.dongtian.orderingsystem.dao.ProductInfoRepository. If you want this repository to be a Redis repository, consider annotating your entities with one of these annotations: org.springframework.data.redis.core.RedisHash (preferred), or consider extending one of the following types with your repository: org.springframework.data.keyvalue.repository.KeyValueRepository.
Spring Data Redis - Could not safely identify store assignment for repository candidate interface com.dongtian.orderingsystem.dao.RatingRepository. If you want this repository to be a Redis repository, consider annotating your entities with one of these annotations: org.springframework.data.redis.core.RedisHash (preferred), or consider extending one of the following types with your repository: org.springframework.data.keyvalue.repository.KeyValueRepository.
Spring Data Redis - Could not safely identify store assignment for repository candidate interface com.dongtian.orderingsystem.dao.ShopsRepository. If you want this repository to be a Redis repository, consider annotating your entities with one of these annotations: org.springframework.data.redis.core.RedisHash (preferred), or consider extending one of the following types with your repository: org.springframework.data.keyvalue.repository.KeyValueRepository.
Spring Data Redis - Could not safely identify store assignment for repository candidate interface com.dongtian.orderingsystem.dao.SupportsRepository. If you want this repository to be a Redis repository, consider annotating your entities with one of these annotations: org.springframework.data.redis.core.RedisHash (preferred), or consider extending one of the following types with your repository: org.springframework.data.keyvalue.repository.KeyValueRepository.
Spring Data Redis - Could not safely identify store assignment for repository candidate interface com.dongtian.orderingsystem.dao.UserRepository. If you want this repository to be a Redis repository, consider annotating your entities with one of these annotations: org.springframework.data.redis.core.RedisHash (preferred), or consider extending one of the following types with your repository: org.springframework.data.keyvalue.repository.KeyValueRepository.
Finished Spring Data repository scanning in 46ms. Found 0 Redis repository interfaces.
Tomcat initialized with port(s): 8080 (http)
Initializing ProtocolHandler ["http-nio-8080"]
Starting service [Tomcat]
Starting Servlet engine: [Apache Tomcat/9.0.31]
Initializing Spring embedded WebApplicationContext
Root WebApplicationContext: initialization completed in 6086 ms
HHH000204: Processing PersistenceUnitInfo [name: default]
HHH000412: Hibernate ORM core version 5.4.12.Final
HCANN000001: Hibernate Commons Annotations {5.1.0.Final}
{dataSource-1} inited
HHH000400: Using dialect: org.hibernate.dialect.MySQL8Dialect
HHH000490: Using JtaPlatform implementation: [org.hibernate.engine.transaction.jta.platform.internal.NoJtaPlatform]
Initialized JPA EntityManagerFactory for persistence unit 'default'
spring.jpa.open-in-view is enabled by default. Therefore, database queries may be performed during view rendering. Explicitly configure spring.jpa.open-in-view to disable this warning
Starting ProtocolHandler ["http-nio-8080"]
Tomcat started on port(s): 8080 (http) with context path '/ordering-system'
Started OrderingSystemApplication in 18.528 seconds (JVM running for 21.989)
从classpath: /D:/IDEAProject/ordering-system/target/classes/ 获取属性文件acp_sdk.properties
开始从属性文件中加载配置项
配置项：私钥签名证书路径==>acpsdk.signCert.path==>/certs/acp_test_sign.pfx 已加载
配置项：私钥签名证书密码==>acpsdk.signCert.pwd 已加载
配置项：私钥签名证书类型==>acpsdk.signCert.type==>PKCS12 已加载
配置项：敏感信息加密证书==>acpsdk.encryptCert.path==>D:/certs/acp_test_enc.cer 已加载
Initializing Spring DispatcherServlet 'dispatcherServlet'
Initializing Servlet 'dispatcherServlet'
Completed initialization in 57 ms
Resolved [org.springframework.web.bind.MissingServletRequestParameterException: Required String parameter 'code' is not present]
Starting without optional epoll library
Starting without optional kqueue library
打印请求报文域 :
bizType-->000201
txnSubType-->01
orderId-->5707986584604672
backUrl-->http://dongtian.viphk.ngrok.org/ordering-system/frontPay/asyn
txnType-->01
channelType-->07
frontUrl-->http://dongtian.vipgz1.idcfengye.com/#/orderDetail/5707986584604672
encoding-->UTF-8
version-->5.1.0
accessType-->0
txnTime-->20200416104600
merId-->777290058177050
payTimeout-->20200416110100
currencyCode-->156
signMethod-->01
txnAmt-->2500
riskRateInfo-->{商品名称}
add BC provider
================= SYS INFO begin====================
os_name:Windows 10
os_arch:amd64
os_version:10.0
java_vm_specification_version:1.8
java_vm_specification_vendor:Oracle Corporation
java_vm_specification_name:Java Virtual Machine Specification
java_vm_version:25.144-b01
java_vm_name:Java HotSpot(TM) 64-Bit Server VM
java.version:1.8.0_144
java.vm.vendor=[Oracle Corporation]
java.version=[1.8.0_144]
Providers List:
1.SUN
2.SunRsaSign
3.SunEC
4.SunJSSE
5.SunJCE
6.SunJGSS
7.SunSASL
8.XMLDSig
9.SunPCSC
10.SunMSCAPI
11.BC
================= SYS INFO end=====================
加载签名证书==>/certs/acp_test_sign.pfx
Load RSA CertPath=[/certs/acp_test_sign.pfx],Pwd=[000000],type=[PKCS12]
InitSignCert Successful. CertId=[68759663125]
加载中级证书==>D:/certs/acp_test_middle.cer
[D:/certs/acp_test_middle.cer][CertId=117191299423423768281798]
Load MiddleCert Successful
加载根证书==>D:/certs/acp_test_root.cer
[D:/certs/acp_test_root.cer][CertId=387593676442880368392934]
Load RootCert Successful
加载敏感信息加密证书==>D:/certs/acp_test_enc.cer
[D:/certs/acp_test_enc.cer][CertId=69026275926]
Load EncryptCert Successful
WARN: acpsdk.encryptTrackKey.modulus or acpsdk.encryptTrackKey.exponent is empty
加载验证签名证书目录==>null 注：如果请求报文中version=5.1.0那么此验签证书目录使用不到，可以不需要设置（version=5.0.0必须设置）。
打印待签名请求报文串（交易返回11验证签名失败时可以用来同正确的进行比对）:[accessType=0&backUrl=http://dongtian.viphk.ngrok.org/ordering-system/frontPay/asyn&bizType=000201&certId=68759663125&channelType=07&currencyCode=156&encoding=UTF-8&frontUrl=http://dongtian.vipgz1.idcfengye.com/#/orderDetail/5707986584604672&merId=777290058177050&orderId=5707986584604672&payTimeout=20200416110100&riskRateInfo={商品名称}&signMethod=01&txnAmt=2500&txnSubType=01&txnTime=20200416104600&txnType=01&version=5.1.0]
打印摘要（交易返回11验证签名失败可以用来同正确的进行比对）:[53601539370c5f19d8618f7f3d3c5d32e231cf277ddd09f77e134d8095898082]
打印请求HTML，此为请求报文，为联调排查问题的依据：<html><head><meta http-equiv="Content-Type" content="text/html; charset=UTF-8"/></head><body><form id = "pay_form" action="https://gateway.test.95516.com/gateway/api/frontTransReq.do" method="post"><input type="hidden" name="bizType" id="bizType" value="000201"/><input type="hidden" name="txnSubType" id="txnSubType" value="01"/><input type="hidden" name="orderId" id="orderId" value="5707986584604672"/><input type="hidden" name="backUrl" id="backUrl" value="http://dongtian.viphk.ngrok.org/ordering-system/frontPay/asyn"/><input type="hidden" name="signature" id="signature" value="eR6WWs2msrFTjRvRguTeb/bRC2ikw858cndj7jsbbPGXXowopCgRlCopEXU7cwHwsrUHIXvGBDkPcHjVBIYYho6lWT1M+EpYExYFAmsErT+uJgFmwWExf9JKWMHBxOMaJdsaSwloNXdCmgfW2CaAqMu1Q5JzNH65a4vl6hhYBAYgsCZc1jJoEDX3VFATLpQcesLcYx43Wfbl3NNww0xt0AwS0+/RszQ8Mm4mo98xF6Ngls7fZCLtBHbejlqq/BBkumypWRn+T104MQ38Vz15VqlDzH83yMZuOjNKDPluM1WGsyNlo9H226EbLGEAVgL3glypApde7xt99McoIx9HDQ=="/><input type="hidden" name="txnType" id="txnType" value="01"/><input type="hidden" name="channelType" id="channelType" value="07"/><input type="hidden" name="frontUrl" id="frontUrl" value="http://dongtian.vipgz1.idcfengye.com/#/orderDetail/5707986584604672"/><input type="hidden" name="certId" id="certId" value="68759663125"/><input type="hidden" name="encoding" id="encoding" value="UTF-8"/><input type="hidden" name="version" id="version" value="5.1.0"/><input type="hidden" name="accessType" id="accessType" value="0"/><input type="hidden" name="txnTime" id="txnTime" value="20200416104600"/><input type="hidden" name="merId" id="merId" value="777290058177050"/><input type="hidden" name="payTimeout" id="payTimeout" value="20200416110100"/><input type="hidden" name="currencyCode" id="currencyCode" value="156"/><input type="hidden" name="signMethod" id="signMethod" value="01"/><input type="hidden" name="txnAmt" id="txnAmt" value="2500"/><input type="hidden" name="riskRateInfo" id="riskRateInfo" value="{商品名称}"/></form></body><script type="text/javascript">document.all.pay_form.submit();</script></html>
============================== SDK REQ MSG BEGIN ==============================
[bizType] = [000201]
[signPubKeyCert] = [-----BEGIN CERTIFICATE-----
MIIEQzCCAyugAwIBAgIFEBJJZVgwDQYJKoZIhvcNAQEFBQAwWDELMAkGA1UEBhMC
Q04xMDAuBgNVBAoTJ0NoaW5hIEZpbmFuY2lhbCBDZXJ0aWZpY2F0aW9uIEF1dGhv
cml0eTEXMBUGA1UEAxMOQ0ZDQSBURVNUIE9DQTEwHhcNMTcxMTAxMDcyNDA4WhcN
MjAxMTAxMDcyNDA4WjB3MQswCQYDVQQGEwJjbjESMBAGA1UEChMJQ0ZDQSBPQ0Ex
MQ4wDAYDVQQLEwVDVVBSQTEUMBIGA1UECxMLRW50ZXJwcmlzZXMxLjAsBgNVBAMU
JTA0MUBaMjAxNy0xMS0xQDAwMDQwMDAwOlNJR05AMDAwMDAwMDEwggEiMA0GCSqG
SIb3DQEBAQUAA4IBDwAwggEKAoIBAQDDIWO6AESrg+34HgbU9mSpgef0sl6avr1d
bD/IjjZYM63SoQi3CZHZUyoyzBKodRzowJrwXmd+hCmdcIfavdvfwi6x+ptJNp9d
EtpfEAnJk+4quriQFj1dNiv6uP8ARgn07UMhgdYB7D8aA1j77Yk1ROx7+LFeo7rZ
Ddde2U1opPxjIqOPqiPno78JMXpFn7LiGPXu75bwY2rYIGEEImnypgiYuW1vo9UO
G47NMWTnsIdy68FquPSw5FKp5foL825GNX3oJSZui8d2UDkMLBasf06Jz0JKz5AV
blaI+s24/iCfo8r+6WaCs8e6BDkaijJkR/bvRCQeQpbX3V8WoTLVAgMBAAGjgfQw
gfEwHwYDVR0jBBgwFoAUz3CdYeudfC6498sCQPcJnf4zdIAwSAYDVR0gBEEwPzA9
BghggRyG7yoBATAxMC8GCCsGAQUFBwIBFiNodHRwOi8vd3d3LmNmY2EuY29tLmNu
L3VzL3VzLTE0Lmh0bTA5BgNVHR8EMjAwMC6gLKAqhihodHRwOi8vdWNybC5jZmNh
LmNvbS5jbi9SU0EvY3JsMjQ4NzIuY3JsMAsGA1UdDwQEAwID6DAdBgNVHQ4EFgQU
mQQLyuqYjES7qKO+zOkzEbvdFwgwHQYDVR0lBBYwFAYIKwYBBQUHAwIGCCsGAQUF
BwMEMA0GCSqGSIb3DQEBBQUAA4IBAQAujhBuOcuxA+VzoUH84uoFt5aaBM3vGlpW
KVMz6BUsLbIpp1ho5h+LaMnxMs6jdXXDh/du8X5SKMaIddiLw7ujZy1LibKy2jYi
YYfs3tbZ0ffCKQtv78vCgC+IxUUurALY4w58fRLLdu8u8p9jyRFHsQEwSq+W5+bP
MTh2w7cDd9h+6KoCN6AMI1Ly7MxRIhCbNBL9bzaxF9B5GK86ARY7ixkuDCEl4XCF
JGxeoye9R46NqZ6AA/k97mJun//gmUjStmb9PUXA59fR5suAB5o/5lBySZ8UXkrI
pp/iLT8vIl1hNgLh0Ghs7DBSx99I+S3VuUzjHNxL6fGRhlix7Rb8
-----END CERTIFICATE-----]
[orderId] = [5707986584604672]
[txnSubType] = [01]
[signature] = [hzGHinT6869vd72QCr4DQOM/tV+zNMIDkINhfVwZX1mODGsL++II64znuuaVxHGTrhZlqq4/9T3BlRdl7XkQTPZNmQ+JRwtdMgL6/XE/b49RuXVG7Liem1cdrgWfptAkMB6vgZMRxtJkP9sZBHMOScy7ynQfI49fymrQ12XGL1b2gztX7aAUT+i87mpEXT0Vkwpgz4qVRyZSAtV1rR1EjVK62CzBr7zqO8g7yB6t1dYPOI5lN2HnwjJhkNwbufnuWOB+6cfbdtAsa4nZCdNunWegdcI+AwSwrdtONKB2kggd4g/2riP6qkk0qhaIbp9Y1xRdgjacBQ0EzQPVMpJHpA==]
[traceNo] = [472527]
[accNo] = [6216***********0018]
[settleAmt] = [2500]
[settleCurrencyCode] = [156]
[settleDate] = [0416]
[txnType] = [01]
[encoding] = [UTF-8]
[version] = [5.1.0]
[queryId] = [772004161046004725278]
[accessType] = [0]
[respMsg] = [成功[0000000]]
[traceTime] = [0416104600]
[txnTime] = [20200416104600]
[merId] = [777290058177050]
[currencyCode] = [156]
[respCode] = [00]
[signMethod] = [01]
[txnAmt] = [2500]
==============================  SDK REQ MSG END  ==============================
验签处理开始
verify certificate chain succeed.
签名原文：[hzGHinT6869vd72QCr4DQOM/tV+zNMIDkINhfVwZX1mODGsL++II64znuuaVxHGTrhZlqq4/9T3BlRdl7XkQTPZNmQ+JRwtdMgL6/XE/b49RuXVG7Liem1cdrgWfptAkMB6vgZMRxtJkP9sZBHMOScy7ynQfI49fymrQ12XGL1b2gztX7aAUT+i87mpEXT0Vkwpgz4qVRyZSAtV1rR1EjVK62CzBr7zqO8g7yB6t1dYPOI5lN2HnwjJhkNwbufnuWOB+6cfbdtAsa4nZCdNunWegdcI+AwSwrdtONKB2kggd4g/2riP6qkk0qhaIbp9Y1xRdgjacBQ0EzQPVMpJHpA==]
待验签返回报文串：[accNo=6216***********0018&accessType=0&bizType=000201&currencyCode=156&encoding=UTF-8&merId=777290058177050&orderId=5707986584604672&queryId=772004161046004725278&respCode=00&respMsg=成功[0000000]&settleAmt=2500&settleCurrencyCode=156&settleDate=0416&signMethod=01&signPubKeyCert=-----BEGIN CERTIFICATE-----
MIIEQzCCAyugAwIBAgIFEBJJZVgwDQYJKoZIhvcNAQEFBQAwWDELMAkGA1UEBhMC
Q04xMDAuBgNVBAoTJ0NoaW5hIEZpbmFuY2lhbCBDZXJ0aWZpY2F0aW9uIEF1dGhv
cml0eTEXMBUGA1UEAxMOQ0ZDQSBURVNUIE9DQTEwHhcNMTcxMTAxMDcyNDA4WhcN
MjAxMTAxMDcyNDA4WjB3MQswCQYDVQQGEwJjbjESMBAGA1UEChMJQ0ZDQSBPQ0Ex
MQ4wDAYDVQQLEwVDVVBSQTEUMBIGA1UECxMLRW50ZXJwcmlzZXMxLjAsBgNVBAMU
JTA0MUBaMjAxNy0xMS0xQDAwMDQwMDAwOlNJR05AMDAwMDAwMDEwggEiMA0GCSqG
SIb3DQEBAQUAA4IBDwAwggEKAoIBAQDDIWO6AESrg+34HgbU9mSpgef0sl6avr1d
bD/IjjZYM63SoQi3CZHZUyoyzBKodRzowJrwXmd+hCmdcIfavdvfwi6x+ptJNp9d
EtpfEAnJk+4quriQFj1dNiv6uP8ARgn07UMhgdYB7D8aA1j77Yk1ROx7+LFeo7rZ
Ddde2U1opPxjIqOPqiPno78JMXpFn7LiGPXu75bwY2rYIGEEImnypgiYuW1vo9UO
G47NMWTnsIdy68FquPSw5FKp5foL825GNX3oJSZui8d2UDkMLBasf06Jz0JKz5AV
blaI+s24/iCfo8r+6WaCs8e6BDkaijJkR/bvRCQeQpbX3V8WoTLVAgMBAAGjgfQw
gfEwHwYDVR0jBBgwFoAUz3CdYeudfC6498sCQPcJnf4zdIAwSAYDVR0gBEEwPzA9
BghggRyG7yoBATAxMC8GCCsGAQUFBwIBFiNodHRwOi8vd3d3LmNmY2EuY29tLmNu
L3VzL3VzLTE0Lmh0bTA5BgNVHR8EMjAwMC6gLKAqhihodHRwOi8vdWNybC5jZmNh
LmNvbS5jbi9SU0EvY3JsMjQ4NzIuY3JsMAsGA1UdDwQEAwID6DAdBgNVHQ4EFgQU
mQQLyuqYjES7qKO+zOkzEbvdFwgwHQYDVR0lBBYwFAYIKwYBBQUHAwIGCCsGAQUF
BwMEMA0GCSqGSIb3DQEBBQUAA4IBAQAujhBuOcuxA+VzoUH84uoFt5aaBM3vGlpW
KVMz6BUsLbIpp1ho5h+LaMnxMs6jdXXDh/du8X5SKMaIddiLw7ujZy1LibKy2jYi
YYfs3tbZ0ffCKQtv78vCgC+IxUUurALY4w58fRLLdu8u8p9jyRFHsQEwSq+W5+bP
MTh2w7cDd9h+6KoCN6AMI1Ly7MxRIhCbNBL9bzaxF9B5GK86ARY7ixkuDCEl4XCF
JGxeoye9R46NqZ6AA/k97mJun//gmUjStmb9PUXA59fR5suAB5o/5lBySZ8UXkrI
pp/iLT8vIl1hNgLh0Ghs7DBSx99I+S3VuUzjHNxL6fGRhlix7Rb8
-----END CERTIFICATE-----&traceNo=472527&traceTime=0416104600&txnAmt=2500&txnSubType=01&txnTime=20200416104600&txnType=01&version=5.1.0]
验证签名成功
[异步回调]--验证签名结果[成功].
============================== SDK REQ MSG BEGIN ==============================
[bizType] = [000201]
[signPubKeyCert] = [-----BEGIN CERTIFICATE-----
MIIEQzCCAyugAwIBAgIFEBJJZVgwDQYJKoZIhvcNAQEFBQAwWDELMAkGA1UEBhMC
Q04xMDAuBgNVBAoTJ0NoaW5hIEZpbmFuY2lhbCBDZXJ0aWZpY2F0aW9uIEF1dGhv
cml0eTEXMBUGA1UEAxMOQ0ZDQSBURVNUIE9DQTEwHhcNMTcxMTAxMDcyNDA4WhcN
MjAxMTAxMDcyNDA4WjB3MQswCQYDVQQGEwJjbjESMBAGA1UEChMJQ0ZDQSBPQ0Ex
MQ4wDAYDVQQLEwVDVVBSQTEUMBIGA1UECxMLRW50ZXJwcmlzZXMxLjAsBgNVBAMU
JTA0MUBaMjAxNy0xMS0xQDAwMDQwMDAwOlNJR05AMDAwMDAwMDEwggEiMA0GCSqG
SIb3DQEBAQUAA4IBDwAwggEKAoIBAQDDIWO6AESrg+34HgbU9mSpgef0sl6avr1d
bD/IjjZYM63SoQi3CZHZUyoyzBKodRzowJrwXmd+hCmdcIfavdvfwi6x+ptJNp9d
EtpfEAnJk+4quriQFj1dNiv6uP8ARgn07UMhgdYB7D8aA1j77Yk1ROx7+LFeo7rZ
Ddde2U1opPxjIqOPqiPno78JMXpFn7LiGPXu75bwY2rYIGEEImnypgiYuW1vo9UO
G47NMWTnsIdy68FquPSw5FKp5foL825GNX3oJSZui8d2UDkMLBasf06Jz0JKz5AV
blaI+s24/iCfo8r+6WaCs8e6BDkaijJkR/bvRCQeQpbX3V8WoTLVAgMBAAGjgfQw
gfEwHwYDVR0jBBgwFoAUz3CdYeudfC6498sCQPcJnf4zdIAwSAYDVR0gBEEwPzA9
BghggRyG7yoBATAxMC8GCCsGAQUFBwIBFiNodHRwOi8vd3d3LmNmY2EuY29tLmNu
L3VzL3VzLTE0Lmh0bTA5BgNVHR8EMjAwMC6gLKAqhihodHRwOi8vdWNybC5jZmNh
LmNvbS5jbi9SU0EvY3JsMjQ4NzIuY3JsMAsGA1UdDwQEAwID6DAdBgNVHQ4EFgQU
mQQLyuqYjES7qKO+zOkzEbvdFwgwHQYDVR0lBBYwFAYIKwYBBQUHAwIGCCsGAQUF
BwMEMA0GCSqGSIb3DQEBBQUAA4IBAQAujhBuOcuxA+VzoUH84uoFt5aaBM3vGlpW
KVMz6BUsLbIpp1ho5h+LaMnxMs6jdXXDh/du8X5SKMaIddiLw7ujZy1LibKy2jYi
YYfs3tbZ0ffCKQtv78vCgC+IxUUurALY4w58fRLLdu8u8p9jyRFHsQEwSq+W5+bP
MTh2w7cDd9h+6KoCN6AMI1Ly7MxRIhCbNBL9bzaxF9B5GK86ARY7ixkuDCEl4XCF
JGxeoye9R46NqZ6AA/k97mJun//gmUjStmb9PUXA59fR5suAB5o/5lBySZ8UXkrI
pp/iLT8vIl1hNgLh0Ghs7DBSx99I+S3VuUzjHNxL6fGRhlix7Rb8
-----END CERTIFICATE-----]
[orderId] = [5707986584604672]
[txnSubType] = [01]
[signature] = [hzGHinT6869vd72QCr4DQOM/tV+zNMIDkINhfVwZX1mODGsL++II64znuuaVxHGTrhZlqq4/9T3BlRdl7XkQTPZNmQ+JRwtdMgL6/XE/b49RuXVG7Liem1cdrgWfptAkMB6vgZMRxtJkP9sZBHMOScy7ynQfI49fymrQ12XGL1b2gztX7aAUT+i87mpEXT0Vkwpgz4qVRyZSAtV1rR1EjVK62CzBr7zqO8g7yB6t1dYPOI5lN2HnwjJhkNwbufnuWOB+6cfbdtAsa4nZCdNunWegdcI+AwSwrdtONKB2kggd4g/2riP6qkk0qhaIbp9Y1xRdgjacBQ0EzQPVMpJHpA==]
[traceNo] = [472527]
[accNo] = [6216***********0018]
[settleAmt] = [2500]
[settleCurrencyCode] = [156]
[settleDate] = [0416]
[txnType] = [01]
[encoding] = [UTF-8]
[version] = [5.1.0]
[queryId] = [772004161046004725278]
[accessType] = [0]
[respMsg] = [成功[0000000]]
[traceTime] = [0416104600]
[txnTime] = [20200416104600]
[merId] = [777290058177050]
[currencyCode] = [156]
[respCode] = [00]
[signMethod] = [01]
[txnAmt] = [2500]
==============================  SDK REQ MSG END  ==============================
验签处理开始
verify certificate chain succeed.
签名原文：[hzGHinT6869vd72QCr4DQOM/tV+zNMIDkINhfVwZX1mODGsL++II64znuuaVxHGTrhZlqq4/9T3BlRdl7XkQTPZNmQ+JRwtdMgL6/XE/b49RuXVG7Liem1cdrgWfptAkMB6vgZMRxtJkP9sZBHMOScy7ynQfI49fymrQ12XGL1b2gztX7aAUT+i87mpEXT0Vkwpgz4qVRyZSAtV1rR1EjVK62CzBr7zqO8g7yB6t1dYPOI5lN2HnwjJhkNwbufnuWOB+6cfbdtAsa4nZCdNunWegdcI+AwSwrdtONKB2kggd4g/2riP6qkk0qhaIbp9Y1xRdgjacBQ0EzQPVMpJHpA==]
待验签返回报文串：[accNo=6216***********0018&accessType=0&bizType=000201&currencyCode=156&encoding=UTF-8&merId=777290058177050&orderId=5707986584604672&queryId=772004161046004725278&respCode=00&respMsg=成功[0000000]&settleAmt=2500&settleCurrencyCode=156&settleDate=0416&signMethod=01&signPubKeyCert=-----BEGIN CERTIFICATE-----
MIIEQzCCAyugAwIBAgIFEBJJZVgwDQYJKoZIhvcNAQEFBQAwWDELMAkGA1UEBhMC
Q04xMDAuBgNVBAoTJ0NoaW5hIEZpbmFuY2lhbCBDZXJ0aWZpY2F0aW9uIEF1dGhv
cml0eTEXMBUGA1UEAxMOQ0ZDQSBURVNUIE9DQTEwHhcNMTcxMTAxMDcyNDA4WhcN
MjAxMTAxMDcyNDA4WjB3MQswCQYDVQQGEwJjbjESMBAGA1UEChMJQ0ZDQSBPQ0Ex
MQ4wDAYDVQQLEwVDVVBSQTEUMBIGA1UECxMLRW50ZXJwcmlzZXMxLjAsBgNVBAMU
JTA0MUBaMjAxNy0xMS0xQDAwMDQwMDAwOlNJR05AMDAwMDAwMDEwggEiMA0GCSqG
SIb3DQEBAQUAA4IBDwAwggEKAoIBAQDDIWO6AESrg+34HgbU9mSpgef0sl6avr1d
bD/IjjZYM63SoQi3CZHZUyoyzBKodRzowJrwXmd+hCmdcIfavdvfwi6x+ptJNp9d
EtpfEAnJk+4quriQFj1dNiv6uP8ARgn07UMhgdYB7D8aA1j77Yk1ROx7+LFeo7rZ
Ddde2U1opPxjIqOPqiPno78JMXpFn7LiGPXu75bwY2rYIGEEImnypgiYuW1vo9UO
G47NMWTnsIdy68FquPSw5FKp5foL825GNX3oJSZui8d2UDkMLBasf06Jz0JKz5AV
blaI+s24/iCfo8r+6WaCs8e6BDkaijJkR/bvRCQeQpbX3V8WoTLVAgMBAAGjgfQw
gfEwHwYDVR0jBBgwFoAUz3CdYeudfC6498sCQPcJnf4zdIAwSAYDVR0gBEEwPzA9
BghggRyG7yoBATAxMC8GCCsGAQUFBwIBFiNodHRwOi8vd3d3LmNmY2EuY29tLmNu
L3VzL3VzLTE0Lmh0bTA5BgNVHR8EMjAwMC6gLKAqhihodHRwOi8vdWNybC5jZmNh
LmNvbS5jbi9SU0EvY3JsMjQ4NzIuY3JsMAsGA1UdDwQEAwID6DAdBgNVHQ4EFgQU
mQQLyuqYjES7qKO+zOkzEbvdFwgwHQYDVR0lBBYwFAYIKwYBBQUHAwIGCCsGAQUF
BwMEMA0GCSqGSIb3DQEBBQUAA4IBAQAujhBuOcuxA+VzoUH84uoFt5aaBM3vGlpW
KVMz6BUsLbIpp1ho5h+LaMnxMs6jdXXDh/du8X5SKMaIddiLw7ujZy1LibKy2jYi
YYfs3tbZ0ffCKQtv78vCgC+IxUUurALY4w58fRLLdu8u8p9jyRFHsQEwSq+W5+bP
MTh2w7cDd9h+6KoCN6AMI1Ly7MxRIhCbNBL9bzaxF9B5GK86ARY7ixkuDCEl4XCF
JGxeoye9R46NqZ6AA/k97mJun//gmUjStmb9PUXA59fR5suAB5o/5lBySZ8UXkrI
pp/iLT8vIl1hNgLh0Ghs7DBSx99I+S3VuUzjHNxL6fGRhlix7Rb8
-----END CERTIFICATE-----&traceNo=472527&traceTime=0416104600&txnAmt=2500&txnSubType=01&txnTime=20200416104600&txnType=01&version=5.1.0]
验证签名成功
[异步回调]--验证签名结果[成功].
============================== SDK REQ MSG BEGIN ==============================
[bizType] = [000201]
[signPubKeyCert] = [-----BEGIN CERTIFICATE-----
MIIEQzCCAyugAwIBAgIFEBJJZVgwDQYJKoZIhvcNAQEFBQAwWDELMAkGA1UEBhMC
Q04xMDAuBgNVBAoTJ0NoaW5hIEZpbmFuY2lhbCBDZXJ0aWZpY2F0aW9uIEF1dGhv
cml0eTEXMBUGA1UEAxMOQ0ZDQSBURVNUIE9DQTEwHhcNMTcxMTAxMDcyNDA4WhcN
MjAxMTAxMDcyNDA4WjB3MQswCQYDVQQGEwJjbjESMBAGA1UEChMJQ0ZDQSBPQ0Ex
MQ4wDAYDVQQLEwVDVVBSQTEUMBIGA1UECxMLRW50ZXJwcmlzZXMxLjAsBgNVBAMU
JTA0MUBaMjAxNy0xMS0xQDAwMDQwMDAwOlNJR05AMDAwMDAwMDEwggEiMA0GCSqG
SIb3DQEBAQUAA4IBDwAwggEKAoIBAQDDIWO6AESrg+34HgbU9mSpgef0sl6avr1d
bD/IjjZYM63SoQi3CZHZUyoyzBKodRzowJrwXmd+hCmdcIfavdvfwi6x+ptJNp9d
EtpfEAnJk+4quriQFj1dNiv6uP8ARgn07UMhgdYB7D8aA1j77Yk1ROx7+LFeo7rZ
Ddde2U1opPxjIqOPqiPno78JMXpFn7LiGPXu75bwY2rYIGEEImnypgiYuW1vo9UO
G47NMWTnsIdy68FquPSw5FKp5foL825GNX3oJSZui8d2UDkMLBasf06Jz0JKz5AV
blaI+s24/iCfo8r+6WaCs8e6BDkaijJkR/bvRCQeQpbX3V8WoTLVAgMBAAGjgfQw
gfEwHwYDVR0jBBgwFoAUz3CdYeudfC6498sCQPcJnf4zdIAwSAYDVR0gBEEwPzA9
BghggRyG7yoBATAxMC8GCCsGAQUFBwIBFiNodHRwOi8vd3d3LmNmY2EuY29tLmNu
L3VzL3VzLTE0Lmh0bTA5BgNVHR8EMjAwMC6gLKAqhihodHRwOi8vdWNybC5jZmNh
LmNvbS5jbi9SU0EvY3JsMjQ4NzIuY3JsMAsGA1UdDwQEAwID6DAdBgNVHQ4EFgQU
mQQLyuqYjES7qKO+zOkzEbvdFwgwHQYDVR0lBBYwFAYIKwYBBQUHAwIGCCsGAQUF
BwMEMA0GCSqGSIb3DQEBBQUAA4IBAQAujhBuOcuxA+VzoUH84uoFt5aaBM3vGlpW
KVMz6BUsLbIpp1ho5h+LaMnxMs6jdXXDh/du8X5SKMaIddiLw7ujZy1LibKy2jYi
YYfs3tbZ0ffCKQtv78vCgC+IxUUurALY4w58fRLLdu8u8p9jyRFHsQEwSq+W5+bP
MTh2w7cDd9h+6KoCN6AMI1Ly7MxRIhCbNBL9bzaxF9B5GK86ARY7ixkuDCEl4XCF
JGxeoye9R46NqZ6AA/k97mJun//gmUjStmb9PUXA59fR5suAB5o/5lBySZ8UXkrI
pp/iLT8vIl1hNgLh0Ghs7DBSx99I+S3VuUzjHNxL6fGRhlix7Rb8
-----END CERTIFICATE-----]
[orderId] = [5707986584604672]
[txnSubType] = [01]
[signature] = [hzGHinT6869vd72QCr4DQOM/tV+zNMIDkINhfVwZX1mODGsL++II64znuuaVxHGTrhZlqq4/9T3BlRdl7XkQTPZNmQ+JRwtdMgL6/XE/b49RuXVG7Liem1cdrgWfptAkMB6vgZMRxtJkP9sZBHMOScy7ynQfI49fymrQ12XGL1b2gztX7aAUT+i87mpEXT0Vkwpgz4qVRyZSAtV1rR1EjVK62CzBr7zqO8g7yB6t1dYPOI5lN2HnwjJhkNwbufnuWOB+6cfbdtAsa4nZCdNunWegdcI+AwSwrdtONKB2kggd4g/2riP6qkk0qhaIbp9Y1xRdgjacBQ0EzQPVMpJHpA==]
[traceNo] = [472527]
[accNo] = [6216***********0018]
[settleAmt] = [2500]
[settleCurrencyCode] = [156]
[settleDate] = [0416]
[txnType] = [01]
[encoding] = [UTF-8]
[version] = [5.1.0]
[queryId] = [772004161046004725278]
[accessType] = [0]
[respMsg] = [成功[0000000]]
[traceTime] = [0416104600]
[txnTime] = [20200416104600]
[merId] = [777290058177050]
[currencyCode] = [156]
[respCode] = [00]
[signMethod] = [01]
[txnAmt] = [2500]
==============================  SDK REQ MSG END  ==============================
验签处理开始
verify certificate chain succeed.
签名原文：[hzGHinT6869vd72QCr4DQOM/tV+zNMIDkINhfVwZX1mODGsL++II64znuuaVxHGTrhZlqq4/9T3BlRdl7XkQTPZNmQ+JRwtdMgL6/XE/b49RuXVG7Liem1cdrgWfptAkMB6vgZMRxtJkP9sZBHMOScy7ynQfI49fymrQ12XGL1b2gztX7aAUT+i87mpEXT0Vkwpgz4qVRyZSAtV1rR1EjVK62CzBr7zqO8g7yB6t1dYPOI5lN2HnwjJhkNwbufnuWOB+6cfbdtAsa4nZCdNunWegdcI+AwSwrdtONKB2kggd4g/2riP6qkk0qhaIbp9Y1xRdgjacBQ0EzQPVMpJHpA==]
待验签返回报文串：[accNo=6216***********0018&accessType=0&bizType=000201&currencyCode=156&encoding=UTF-8&merId=777290058177050&orderId=5707986584604672&queryId=772004161046004725278&respCode=00&respMsg=成功[0000000]&settleAmt=2500&settleCurrencyCode=156&settleDate=0416&signMethod=01&signPubKeyCert=-----BEGIN CERTIFICATE-----
MIIEQzCCAyugAwIBAgIFEBJJZVgwDQYJKoZIhvcNAQEFBQAwWDELMAkGA1UEBhMC
Q04xMDAuBgNVBAoTJ0NoaW5hIEZpbmFuY2lhbCBDZXJ0aWZpY2F0aW9uIEF1dGhv
cml0eTEXMBUGA1UEAxMOQ0ZDQSBURVNUIE9DQTEwHhcNMTcxMTAxMDcyNDA4WhcN
MjAxMTAxMDcyNDA4WjB3MQswCQYDVQQGEwJjbjESMBAGA1UEChMJQ0ZDQSBPQ0Ex
MQ4wDAYDVQQLEwVDVVBSQTEUMBIGA1UECxMLRW50ZXJwcmlzZXMxLjAsBgNVBAMU
JTA0MUBaMjAxNy0xMS0xQDAwMDQwMDAwOlNJR05AMDAwMDAwMDEwggEiMA0GCSqG
SIb3DQEBAQUAA4IBDwAwggEKAoIBAQDDIWO6AESrg+34HgbU9mSpgef0sl6avr1d
bD/IjjZYM63SoQi3CZHZUyoyzBKodRzowJrwXmd+hCmdcIfavdvfwi6x+ptJNp9d
EtpfEAnJk+4quriQFj1dNiv6uP8ARgn07UMhgdYB7D8aA1j77Yk1ROx7+LFeo7rZ
Ddde2U1opPxjIqOPqiPno78JMXpFn7LiGPXu75bwY2rYIGEEImnypgiYuW1vo9UO
G47NMWTnsIdy68FquPSw5FKp5foL825GNX3oJSZui8d2UDkMLBasf06Jz0JKz5AV
blaI+s24/iCfo8r+6WaCs8e6BDkaijJkR/bvRCQeQpbX3V8WoTLVAgMBAAGjgfQw
gfEwHwYDVR0jBBgwFoAUz3CdYeudfC6498sCQPcJnf4zdIAwSAYDVR0gBEEwPzA9
BghggRyG7yoBATAxMC8GCCsGAQUFBwIBFiNodHRwOi8vd3d3LmNmY2EuY29tLmNu
L3VzL3VzLTE0Lmh0bTA5BgNVHR8EMjAwMC6gLKAqhihodHRwOi8vdWNybC5jZmNh
LmNvbS5jbi9SU0EvY3JsMjQ4NzIuY3JsMAsGA1UdDwQEAwID6DAdBgNVHQ4EFgQU
mQQLyuqYjES7qKO+zOkzEbvdFwgwHQYDVR0lBBYwFAYIKwYBBQUHAwIGCCsGAQUF
BwMEMA0GCSqGSIb3DQEBBQUAA4IBAQAujhBuOcuxA+VzoUH84uoFt5aaBM3vGlpW
KVMz6BUsLbIpp1ho5h+LaMnxMs6jdXXDh/du8X5SKMaIddiLw7ujZy1LibKy2jYi
YYfs3tbZ0ffCKQtv78vCgC+IxUUurALY4w58fRLLdu8u8p9jyRFHsQEwSq+W5+bP
MTh2w7cDd9h+6KoCN6AMI1Ly7MxRIhCbNBL9bzaxF9B5GK86ARY7ixkuDCEl4XCF
JGxeoye9R46NqZ6AA/k97mJun//gmUjStmb9PUXA59fR5suAB5o/5lBySZ8UXkrI
pp/iLT8vIl1hNgLh0Ghs7DBSx99I+S3VuUzjHNxL6fGRhlix7Rb8
-----END CERTIFICATE-----&traceNo=472527&traceTime=0416104600&txnAmt=2500&txnSubType=01&txnTime=20200416104600&txnType=01&version=5.1.0]
验证签名成功
[异步回调]--验证签名结果[成功].
============================== SDK REQ MSG BEGIN ==============================
[bizType] = [000201]
[signPubKeyCert] = [-----BEGIN CERTIFICATE-----
MIIEQzCCAyugAwIBAgIFEBJJZVgwDQYJKoZIhvcNAQEFBQAwWDELMAkGA1UEBhMC
Q04xMDAuBgNVBAoTJ0NoaW5hIEZpbmFuY2lhbCBDZXJ0aWZpY2F0aW9uIEF1dGhv
cml0eTEXMBUGA1UEAxMOQ0ZDQSBURVNUIE9DQTEwHhcNMTcxMTAxMDcyNDA4WhcN
MjAxMTAxMDcyNDA4WjB3MQswCQYDVQQGEwJjbjESMBAGA1UEChMJQ0ZDQSBPQ0Ex
MQ4wDAYDVQQLEwVDVVBSQTEUMBIGA1UECxMLRW50ZXJwcmlzZXMxLjAsBgNVBAMU
JTA0MUBaMjAxNy0xMS0xQDAwMDQwMDAwOlNJR05AMDAwMDAwMDEwggEiMA0GCSqG
SIb3DQEBAQUAA4IBDwAwggEKAoIBAQDDIWO6AESrg+34HgbU9mSpgef0sl6avr1d
bD/IjjZYM63SoQi3CZHZUyoyzBKodRzowJrwXmd+hCmdcIfavdvfwi6x+ptJNp9d
EtpfEAnJk+4quriQFj1dNiv6uP8ARgn07UMhgdYB7D8aA1j77Yk1ROx7+LFeo7rZ
Ddde2U1opPxjIqOPqiPno78JMXpFn7LiGPXu75bwY2rYIGEEImnypgiYuW1vo9UO
G47NMWTnsIdy68FquPSw5FKp5foL825GNX3oJSZui8d2UDkMLBasf06Jz0JKz5AV
blaI+s24/iCfo8r+6WaCs8e6BDkaijJkR/bvRCQeQpbX3V8WoTLVAgMBAAGjgfQw
gfEwHwYDVR0jBBgwFoAUz3CdYeudfC6498sCQPcJnf4zdIAwSAYDVR0gBEEwPzA9
BghggRyG7yoBATAxMC8GCCsGAQUFBwIBFiNodHRwOi8vd3d3LmNmY2EuY29tLmNu
L3VzL3VzLTE0Lmh0bTA5BgNVHR8EMjAwMC6gLKAqhihodHRwOi8vdWNybC5jZmNh
LmNvbS5jbi9SU0EvY3JsMjQ4NzIuY3JsMAsGA1UdDwQEAwID6DAdBgNVHQ4EFgQU
mQQLyuqYjES7qKO+zOkzEbvdFwgwHQYDVR0lBBYwFAYIKwYBBQUHAwIGCCsGAQUF
BwMEMA0GCSqGSIb3DQEBBQUAA4IBAQAujhBuOcuxA+VzoUH84uoFt5aaBM3vGlpW
KVMz6BUsLbIpp1ho5h+LaMnxMs6jdXXDh/du8X5SKMaIddiLw7ujZy1LibKy2jYi
YYfs3tbZ0ffCKQtv78vCgC+IxUUurALY4w58fRLLdu8u8p9jyRFHsQEwSq+W5+bP
MTh2w7cDd9h+6KoCN6AMI1Ly7MxRIhCbNBL9bzaxF9B5GK86ARY7ixkuDCEl4XCF
JGxeoye9R46NqZ6AA/k97mJun//gmUjStmb9PUXA59fR5suAB5o/5lBySZ8UXkrI
pp/iLT8vIl1hNgLh0Ghs7DBSx99I+S3VuUzjHNxL6fGRhlix7Rb8
-----END CERTIFICATE-----]
[orderId] = [5707986584604672]
[txnSubType] = [01]
[signature] = [hzGHinT6869vd72QCr4DQOM/tV+zNMIDkINhfVwZX1mODGsL++II64znuuaVxHGTrhZlqq4/9T3BlRdl7XkQTPZNmQ+JRwtdMgL6/XE/b49RuXVG7Liem1cdrgWfptAkMB6vgZMRxtJkP9sZBHMOScy7ynQfI49fymrQ12XGL1b2gztX7aAUT+i87mpEXT0Vkwpgz4qVRyZSAtV1rR1EjVK62CzBr7zqO8g7yB6t1dYPOI5lN2HnwjJhkNwbufnuWOB+6cfbdtAsa4nZCdNunWegdcI+AwSwrdtONKB2kggd4g/2riP6qkk0qhaIbp9Y1xRdgjacBQ0EzQPVMpJHpA==]
[traceNo] = [472527]
[accNo] = [6216***********0018]
[settleAmt] = [2500]
[settleCurrencyCode] = [156]
[settleDate] = [0416]
[txnType] = [01]
[encoding] = [UTF-8]
[version] = [5.1.0]
[queryId] = [772004161046004725278]
[accessType] = [0]
[respMsg] = [成功[0000000]]
[traceTime] = [0416104600]
[txnTime] = [20200416104600]
[merId] = [777290058177050]
[currencyCode] = [156]
[respCode] = [00]
[signMethod] = [01]
[txnAmt] = [2500]
==============================  SDK REQ MSG END  ==============================
验签处理开始
verify certificate chain succeed.
签名原文：[hzGHinT6869vd72QCr4DQOM/tV+zNMIDkINhfVwZX1mODGsL++II64znuuaVxHGTrhZlqq4/9T3BlRdl7XkQTPZNmQ+JRwtdMgL6/XE/b49RuXVG7Liem1cdrgWfptAkMB6vgZMRxtJkP9sZBHMOScy7ynQfI49fymrQ12XGL1b2gztX7aAUT+i87mpEXT0Vkwpgz4qVRyZSAtV1rR1EjVK62CzBr7zqO8g7yB6t1dYPOI5lN2HnwjJhkNwbufnuWOB+6cfbdtAsa4nZCdNunWegdcI+AwSwrdtONKB2kggd4g/2riP6qkk0qhaIbp9Y1xRdgjacBQ0EzQPVMpJHpA==]
待验签返回报文串：[accNo=6216***********0018&accessType=0&bizType=000201&currencyCode=156&encoding=UTF-8&merId=777290058177050&orderId=5707986584604672&queryId=772004161046004725278&respCode=00&respMsg=成功[0000000]&settleAmt=2500&settleCurrencyCode=156&settleDate=0416&signMethod=01&signPubKeyCert=-----BEGIN CERTIFICATE-----
MIIEQzCCAyugAwIBAgIFEBJJZVgwDQYJKoZIhvcNAQEFBQAwWDELMAkGA1UEBhMC
Q04xMDAuBgNVBAoTJ0NoaW5hIEZpbmFuY2lhbCBDZXJ0aWZpY2F0aW9uIEF1dGhv
cml0eTEXMBUGA1UEAxMOQ0ZDQSBURVNUIE9DQTEwHhcNMTcxMTAxMDcyNDA4WhcN
MjAxMTAxMDcyNDA4WjB3MQswCQYDVQQGEwJjbjESMBAGA1UEChMJQ0ZDQSBPQ0Ex
MQ4wDAYDVQQLEwVDVVBSQTEUMBIGA1UECxMLRW50ZXJwcmlzZXMxLjAsBgNVBAMU
JTA0MUBaMjAxNy0xMS0xQDAwMDQwMDAwOlNJR05AMDAwMDAwMDEwggEiMA0GCSqG
SIb3DQEBAQUAA4IBDwAwggEKAoIBAQDDIWO6AESrg+34HgbU9mSpgef0sl6avr1d
bD/IjjZYM63SoQi3CZHZUyoyzBKodRzowJrwXmd+hCmdcIfavdvfwi6x+ptJNp9d
EtpfEAnJk+4quriQFj1dNiv6uP8ARgn07UMhgdYB7D8aA1j77Yk1ROx7+LFeo7rZ
Ddde2U1opPxjIqOPqiPno78JMXpFn7LiGPXu75bwY2rYIGEEImnypgiYuW1vo9UO
G47NMWTnsIdy68FquPSw5FKp5foL825GNX3oJSZui8d2UDkMLBasf06Jz0JKz5AV
blaI+s24/iCfo8r+6WaCs8e6BDkaijJkR/bvRCQeQpbX3V8WoTLVAgMBAAGjgfQw
gfEwHwYDVR0jBBgwFoAUz3CdYeudfC6498sCQPcJnf4zdIAwSAYDVR0gBEEwPzA9
BghggRyG7yoBATAxMC8GCCsGAQUFBwIBFiNodHRwOi8vd3d3LmNmY2EuY29tLmNu
L3VzL3VzLTE0Lmh0bTA5BgNVHR8EMjAwMC6gLKAqhihodHRwOi8vdWNybC5jZmNh
LmNvbS5jbi9SU0EvY3JsMjQ4NzIuY3JsMAsGA1UdDwQEAwID6DAdBgNVHQ4EFgQU
mQQLyuqYjES7qKO+zOkzEbvdFwgwHQYDVR0lBBYwFAYIKwYBBQUHAwIGCCsGAQUF
BwMEMA0GCSqGSIb3DQEBBQUAA4IBAQAujhBuOcuxA+VzoUH84uoFt5aaBM3vGlpW
KVMz6BUsLbIpp1ho5h+LaMnxMs6jdXXDh/du8X5SKMaIddiLw7ujZy1LibKy2jYi
YYfs3tbZ0ffCKQtv78vCgC+IxUUurALY4w58fRLLdu8u8p9jyRFHsQEwSq+W5+bP
MTh2w7cDd9h+6KoCN6AMI1Ly7MxRIhCbNBL9bzaxF9B5GK86ARY7ixkuDCEl4XCF
JGxeoye9R46NqZ6AA/k97mJun//gmUjStmb9PUXA59fR5suAB5o/5lBySZ8UXkrI
pp/iLT8vIl1hNgLh0Ghs7DBSx99I+S3VuUzjHNxL6fGRhlix7Rb8
-----END CERTIFICATE-----&traceNo=472527&traceTime=0416104600&txnAmt=2500&txnSubType=01&txnTime=20200416104600&txnType=01&version=5.1.0]
验证签名成功
[异步回调]--验证签名结果[成功].
Reconnecting, last destination was /118.190.161.103:6379
Reconnected to 118.190.161.103:6379
Starting OrderingSystemApplication on DESKTOP-ER1O27V with PID 6680 (D:\IDEAProject\ordering-system\target\classes started by Dong in D:\IDEAProject\ordering-system)
No active profile set, falling back to default profiles: default
No MyBatis mapper was found in '[com.dongtian.orderingsystem]' package. Please check your configuration.
Multiple Spring Data modules found, entering strict repository configuration mode!
Bootstrapping Spring Data JPA repositories in DEFAULT mode.
Finished Spring Data repository scanning in 193ms. Found 10 JPA repository interfaces.
Multiple Spring Data modules found, entering strict repository configuration mode!
Bootstrapping Spring Data Redis repositories in DEFAULT mode.
Spring Data Redis - Could not safely identify store assignment for repository candidate interface com.dongtian.orderingsystem.dao.OrderDetailRepository. If you want this repository to be a Redis repository, consider annotating your entities with one of these annotations: org.springframework.data.redis.core.RedisHash (preferred), or consider extending one of the following types with your repository: org.springframework.data.keyvalue.repository.KeyValueRepository.
Spring Data Redis - Could not safely identify store assignment for repository candidate interface com.dongtian.orderingsystem.dao.OrderInfoRepository. If you want this repository to be a Redis repository, consider annotating your entities with one of these annotations: org.springframework.data.redis.core.RedisHash (preferred), or consider extending one of the following types with your repository: org.springframework.data.keyvalue.repository.KeyValueRepository.
Spring Data Redis - Could not safely identify store assignment for repository candidate interface com.dongtian.orderingsystem.dao.PaymentInfoRepository. If you want this repository to be a Redis repository, consider annotating your entities with one of these annotations: org.springframework.data.redis.core.RedisHash (preferred), or consider extending one of the following types with your repository: org.springframework.data.keyvalue.repository.KeyValueRepository.
Spring Data Redis - Could not safely identify store assignment for repository candidate interface com.dongtian.orderingsystem.dao.PaymentTypeRepository. If you want this repository to be a Redis repository, consider annotating your entities with one of these annotations: org.springframework.data.redis.core.RedisHash (preferred), or consider extending one of the following types with your repository: org.springframework.data.keyvalue.repository.KeyValueRepository.
Spring Data Redis - Could not safely identify store assignment for repository candidate interface com.dongtian.orderingsystem.dao.ProductCategoryRepository. If you want this repository to be a Redis repository, consider annotating your entities with one of these annotations: org.springframework.data.redis.core.RedisHash (preferred), or consider extending one of the following types with your repository: org.springframework.data.keyvalue.repository.KeyValueRepository.
Spring Data Redis - Could not safely identify store assignment for repository candidate interface com.dongtian.orderingsystem.dao.ProductInfoRepository. If you want this repository to be a Redis repository, consider annotating your entities with one of these annotations: org.springframework.data.redis.core.RedisHash (preferred), or consider extending one of the following types with your repository: org.springframework.data.keyvalue.repository.KeyValueRepository.
Spring Data Redis - Could not safely identify store assignment for repository candidate interface com.dongtian.orderingsystem.dao.RatingRepository. If you want this repository to be a Redis repository, consider annotating your entities with one of these annotations: org.springframework.data.redis.core.RedisHash (preferred), or consider extending one of the following types with your repository: org.springframework.data.keyvalue.repository.KeyValueRepository.
Spring Data Redis - Could not safely identify store assignment for repository candidate interface com.dongtian.orderingsystem.dao.ShopsRepository. If you want this repository to be a Redis repository, consider annotating your entities with one of these annotations: org.springframework.data.redis.core.RedisHash (preferred), or consider extending one of the following types with your repository: org.springframework.data.keyvalue.repository.KeyValueRepository.
Spring Data Redis - Could not safely identify store assignment for repository candidate interface com.dongtian.orderingsystem.dao.SupportsRepository. If you want this repository to be a Redis repository, consider annotating your entities with one of these annotations: org.springframework.data.redis.core.RedisHash (preferred), or consider extending one of the following types with your repository: org.springframework.data.keyvalue.repository.KeyValueRepository.
Spring Data Redis - Could not safely identify store assignment for repository candidate interface com.dongtian.orderingsystem.dao.UserRepository. If you want this repository to be a Redis repository, consider annotating your entities with one of these annotations: org.springframework.data.redis.core.RedisHash (preferred), or consider extending one of the following types with your repository: org.springframework.data.keyvalue.repository.KeyValueRepository.
Finished Spring Data repository scanning in 54ms. Found 0 Redis repository interfaces.
Tomcat initialized with port(s): 8080 (http)
Initializing ProtocolHandler ["http-nio-8080"]
Starting service [Tomcat]
Starting Servlet engine: [Apache Tomcat/9.0.31]
Initializing Spring embedded WebApplicationContext
Root WebApplicationContext: initialization completed in 5657 ms
HHH000204: Processing PersistenceUnitInfo [name: default]
HHH000412: Hibernate ORM core version 5.4.12.Final
HCANN000001: Hibernate Commons Annotations {5.1.0.Final}
{dataSource-1} inited
HHH000400: Using dialect: org.hibernate.dialect.MySQL8Dialect
HHH000490: Using JtaPlatform implementation: [org.hibernate.engine.transaction.jta.platform.internal.NoJtaPlatform]
Initialized JPA EntityManagerFactory for persistence unit 'default'
spring.jpa.open-in-view is enabled by default. Therefore, database queries may be performed during view rendering. Explicitly configure spring.jpa.open-in-view to disable this warning
Starting ProtocolHandler ["http-nio-8080"]
Tomcat started on port(s): 8080 (http) with context path '/ordering-system'
Started OrderingSystemApplication in 17.817 seconds (JVM running for 21.543)
从classpath: /D:/IDEAProject/ordering-system/target/classes/ 获取属性文件acp_sdk.properties
开始从属性文件中加载配置项
配置项：私钥签名证书路径==>acpsdk.signCert.path==>/certs/acp_test_sign.pfx 已加载
配置项：私钥签名证书密码==>acpsdk.signCert.pwd 已加载
配置项：私钥签名证书类型==>acpsdk.signCert.type==>PKCS12 已加载
配置项：敏感信息加密证书==>acpsdk.encryptCert.path==>D:/certs/acp_test_enc.cer 已加载
Initializing Spring DispatcherServlet 'dispatcherServlet'
Initializing Servlet 'dispatcherServlet'
Completed initialization in 38 ms
