Starting OrderingSystemApplication on DESKTOP-ER1O27V with PID 37956 (D:\IDEAProject\ordering-system\target\classes started by Dong in D:\IDEAProject\ordering-system)
No active profile set, falling back to default profiles: default
No MyBatis mapper was found in '[com.dongtian.orderingsystem]' package. Please check your configuration.
Multiple Spring Data modules found, entering strict repository configuration mode!
Bootstrapping Spring Data JPA repositories in DEFAULT mode.
Finished Spring Data repository scanning in 296ms. Found 10 JPA repository interfaces.
Multiple Spring Data modules found, entering strict repository configuration mode!
Bootstrapping Spring Data Redis repositories in DEFAULT mode.
Spring Data Redis - Could not safely identify store assignment for repository candidate interface com.dongtian.orderingsystem.dao.OrderDetailRepository. If you want this repository to be a Redis repository, consider annotating your entities with one of these annotations: org.springframework.data.redis.core.RedisHash (preferred), or consider extending one of the following types with your repository: org.springframework.data.keyvalue.repository.KeyValueRepository.
Spring Data Redis - Could not safely identify store assignment for repository candidate interface com.dongtian.orderingsystem.dao.OrderInfoRepository. If you want this repository to be a Redis repository, consider annotating your entities with one of these annotations: org.springframework.data.redis.core.RedisHash (preferred), or consider extending one of the following types with your repository: org.springframework.data.keyvalue.repository.KeyValueRepository.
Spring Data Redis - Could not safely identify store assignment for repository candidate interface com.dongtian.orderingsystem.dao.PaymentInfoRepository. If you want this repository to be a Redis repository, consider annotating your entities with one of these annotations: org.springframework.data.redis.core.RedisHash (preferred), or consider extending one of the following types with your repository: org.springframework.data.keyvalue.repository.KeyValueRepository.
Spring Data Redis - Could not safely identify store assignment for repository candidate interface com.dongtian.orderingsystem.dao.PaymentTypeRepository. If you want this repository to be a Redis repository, consider annotating your entities with one of these annotations: org.springframework.data.redis.core.RedisHash (preferred), or consider extending one of the following types with your repository: org.springframework.data.keyvalue.repository.KeyValueRepository.
Spring Data Redis - Could not safely identify store assignment for repository candidate interface com.dongtian.orderingsystem.dao.ProductCategoryRepository. If you want this repository to be a Redis repository, consider annotating your entities with one of these annotations: org.springframework.data.redis.core.RedisHash (preferred), or consider extending one of the following types with your repository: org.springframework.data.keyvalue.repository.KeyValueRepository.
Spring Data Redis - Could not safely identify store assignment for repository candidate interface com.dongtian.orderingsystem.dao.ProductInfoRepository. If you want this repository to be a Redis repository, consider annotating your entities with one of these annotations: org.springframework.data.redis.core.RedisHash (preferred), or consider extending one of the following types with your repository: org.springframework.data.keyvalue.repository.KeyValueRepository.
Spring Data Redis - Could not safely identify store assignment for repository candidate interface com.dongtian.orderingsystem.dao.RatingRepository. If you want this repository to be a Redis repository, consider annotating your entities with one of these annotations: org.springframework.data.redis.core.RedisHash (preferred), or consider extending one of the following types with your repository: org.springframework.data.keyvalue.repository.KeyValueRepository.
Spring Data Redis - Could not safely identify store assignment for repository candidate interface com.dongtian.orderingsystem.dao.ShopsRepository. If you want this repository to be a Redis repository, consider annotating your entities with one of these annotations: org.springframework.data.redis.core.RedisHash (preferred), or consider extending one of the following types with your repository: org.springframework.data.keyvalue.repository.KeyValueRepository.
Spring Data Redis - Could not safely identify store assignment for repository candidate interface com.dongtian.orderingsystem.dao.SupportsRepository. If you want this repository to be a Redis repository, consider annotating your entities with one of these annotations: org.springframework.data.redis.core.RedisHash (preferred), or consider extending one of the following types with your repository: org.springframework.data.keyvalue.repository.KeyValueRepository.
Spring Data Redis - Could not safely identify store assignment for repository candidate interface com.dongtian.orderingsystem.dao.UserRepository. If you want this repository to be a Redis repository, consider annotating your entities with one of these annotations: org.springframework.data.redis.core.RedisHash (preferred), or consider extending one of the following types with your repository: org.springframework.data.keyvalue.repository.KeyValueRepository.
Finished Spring Data repository scanning in 52ms. Found 0 Redis repository interfaces.
Tomcat initialized with port(s): 8080 (http)
Initializing ProtocolHandler ["http-nio-8080"]
Starting service [Tomcat]
Starting Servlet engine: [Apache Tomcat/9.0.31]
Initializing Spring embedded WebApplicationContext
Root WebApplicationContext: initialization completed in 9589 ms
HHH000204: Processing PersistenceUnitInfo [name: default]
HHH000412: Hibernate ORM core version 5.4.12.Final
HCANN000001: Hibernate Commons Annotations {5.1.0.Final}
{dataSource-1} inited
HHH000400: Using dialect: org.hibernate.dialect.MySQL8Dialect
HHH000490: Using JtaPlatform implementation: [org.hibernate.engine.transaction.jta.platform.internal.NoJtaPlatform]
Initialized JPA EntityManagerFactory for persistence unit 'default'
spring.jpa.open-in-view is enabled by default. Therefore, database queries may be performed during view rendering. Explicitly configure spring.jpa.open-in-view to disable this warning
Starting ProtocolHandler ["http-nio-8080"]
Tomcat started on port(s): 8080 (http) with context path '/ordering-system'
Started OrderingSystemApplication in 28.943 seconds (JVM running for 36.57)
从classpath: /D:/IDEAProject/ordering-system/target/classes/ 获取属性文件acp_sdk.properties
开始从属性文件中加载配置项
配置项：私钥签名证书路径==>acpsdk.signCert.path==>/certs/acp_test_sign.pfx 已加载
配置项：私钥签名证书密码==>acpsdk.signCert.pwd 已加载
配置项：私钥签名证书类型==>acpsdk.signCert.type==>PKCS12 已加载
配置项：敏感信息加密证书==>acpsdk.encryptCert.path==>D:/certs/acp_test_enc.cer 已加载
Initializing Spring DispatcherServlet 'dispatcherServlet'
Initializing Servlet 'dispatcherServlet'
Completed initialization in 11 ms
Starting without optional epoll library
Starting without optional kqueue library
Closing JPA EntityManagerFactory for persistence unit 'default'
{dataSource-1} closed
Starting OrderingSystemApplication on DESKTOP-ER1O27V with PID 26688 (D:\IDEAProject\ordering-system\target\classes started by Dong in D:\IDEAProject\ordering-system)
No active profile set, falling back to default profiles: default
No MyBatis mapper was found in '[com.dongtian.orderingsystem]' package. Please check your configuration.
Multiple Spring Data modules found, entering strict repository configuration mode!
Bootstrapping Spring Data JPA repositories in DEFAULT mode.
Finished Spring Data repository scanning in 243ms. Found 10 JPA repository interfaces.
Multiple Spring Data modules found, entering strict repository configuration mode!
Bootstrapping Spring Data Redis repositories in DEFAULT mode.
Spring Data Redis - Could not safely identify store assignment for repository candidate interface com.dongtian.orderingsystem.dao.OrderDetailRepository. If you want this repository to be a Redis repository, consider annotating your entities with one of these annotations: org.springframework.data.redis.core.RedisHash (preferred), or consider extending one of the following types with your repository: org.springframework.data.keyvalue.repository.KeyValueRepository.
Spring Data Redis - Could not safely identify store assignment for repository candidate interface com.dongtian.orderingsystem.dao.OrderInfoRepository. If you want this repository to be a Redis repository, consider annotating your entities with one of these annotations: org.springframework.data.redis.core.RedisHash (preferred), or consider extending one of the following types with your repository: org.springframework.data.keyvalue.repository.KeyValueRepository.
Spring Data Redis - Could not safely identify store assignment for repository candidate interface com.dongtian.orderingsystem.dao.PaymentInfoRepository. If you want this repository to be a Redis repository, consider annotating your entities with one of these annotations: org.springframework.data.redis.core.RedisHash (preferred), or consider extending one of the following types with your repository: org.springframework.data.keyvalue.repository.KeyValueRepository.
Spring Data Redis - Could not safely identify store assignment for repository candidate interface com.dongtian.orderingsystem.dao.PaymentTypeRepository. If you want this repository to be a Redis repository, consider annotating your entities with one of these annotations: org.springframework.data.redis.core.RedisHash (preferred), or consider extending one of the following types with your repository: org.springframework.data.keyvalue.repository.KeyValueRepository.
Spring Data Redis - Could not safely identify store assignment for repository candidate interface com.dongtian.orderingsystem.dao.ProductCategoryRepository. If you want this repository to be a Redis repository, consider annotating your entities with one of these annotations: org.springframework.data.redis.core.RedisHash (preferred), or consider extending one of the following types with your repository: org.springframework.data.keyvalue.repository.KeyValueRepository.
Spring Data Redis - Could not safely identify store assignment for repository candidate interface com.dongtian.orderingsystem.dao.ProductInfoRepository. If you want this repository to be a Redis repository, consider annotating your entities with one of these annotations: org.springframework.data.redis.core.RedisHash (preferred), or consider extending one of the following types with your repository: org.springframework.data.keyvalue.repository.KeyValueRepository.
Spring Data Redis - Could not safely identify store assignment for repository candidate interface com.dongtian.orderingsystem.dao.RatingRepository. If you want this repository to be a Redis repository, consider annotating your entities with one of these annotations: org.springframework.data.redis.core.RedisHash (preferred), or consider extending one of the following types with your repository: org.springframework.data.keyvalue.repository.KeyValueRepository.
Spring Data Redis - Could not safely identify store assignment for repository candidate interface com.dongtian.orderingsystem.dao.ShopsRepository. If you want this repository to be a Redis repository, consider annotating your entities with one of these annotations: org.springframework.data.redis.core.RedisHash (preferred), or consider extending one of the following types with your repository: org.springframework.data.keyvalue.repository.KeyValueRepository.
Spring Data Redis - Could not safely identify store assignment for repository candidate interface com.dongtian.orderingsystem.dao.SupportsRepository. If you want this repository to be a Redis repository, consider annotating your entities with one of these annotations: org.springframework.data.redis.core.RedisHash (preferred), or consider extending one of the following types with your repository: org.springframework.data.keyvalue.repository.KeyValueRepository.
Spring Data Redis - Could not safely identify store assignment for repository candidate interface com.dongtian.orderingsystem.dao.UserRepository. If you want this repository to be a Redis repository, consider annotating your entities with one of these annotations: org.springframework.data.redis.core.RedisHash (preferred), or consider extending one of the following types with your repository: org.springframework.data.keyvalue.repository.KeyValueRepository.
Finished Spring Data repository scanning in 56ms. Found 0 Redis repository interfaces.
Tomcat initialized with port(s): 8080 (http)
Initializing ProtocolHandler ["http-nio-8080"]
Starting service [Tomcat]
Starting Servlet engine: [Apache Tomcat/9.0.31]
Initializing Spring embedded WebApplicationContext
Root WebApplicationContext: initialization completed in 3688 ms
HHH000204: Processing PersistenceUnitInfo [name: default]
HHH000412: Hibernate ORM core version 5.4.12.Final
HCANN000001: Hibernate Commons Annotations {5.1.0.Final}
{dataSource-1} inited
HHH000400: Using dialect: org.hibernate.dialect.MySQL8Dialect
HHH000490: Using JtaPlatform implementation: [org.hibernate.engine.transaction.jta.platform.internal.NoJtaPlatform]
Initialized JPA EntityManagerFactory for persistence unit 'default'
spring.jpa.open-in-view is enabled by default. Therefore, database queries may be performed during view rendering. Explicitly configure spring.jpa.open-in-view to disable this warning
Starting ProtocolHandler ["http-nio-8080"]
Tomcat started on port(s): 8080 (http) with context path '/ordering-system'
Started OrderingSystemApplication in 12.035 seconds (JVM running for 16.063)
从classpath: /D:/IDEAProject/ordering-system/target/classes/ 获取属性文件acp_sdk.properties
开始从属性文件中加载配置项
配置项：私钥签名证书路径==>acpsdk.signCert.path==>/certs/acp_test_sign.pfx 已加载
配置项：私钥签名证书密码==>acpsdk.signCert.pwd 已加载
配置项：私钥签名证书类型==>acpsdk.signCert.type==>PKCS12 已加载
配置项：敏感信息加密证书==>acpsdk.encryptCert.path==>D:/certs/acp_test_enc.cer 已加载
Initializing Spring DispatcherServlet 'dispatcherServlet'
Initializing Servlet 'dispatcherServlet'
Completed initialization in 27 ms
Starting without optional epoll library
Starting without optional kqueue library
【登录校验】Cookie中查不到token
Starting OrderingSystemApplication on DESKTOP-ER1O27V with PID 38304 (D:\IDEAProject\ordering-system\target\classes started by Dong in D:\IDEAProject\ordering-system)
No active profile set, falling back to default profiles: default
No MyBatis mapper was found in '[com.dongtian.orderingsystem]' package. Please check your configuration.
Multiple Spring Data modules found, entering strict repository configuration mode!
Bootstrapping Spring Data JPA repositories in DEFAULT mode.
Finished Spring Data repository scanning in 226ms. Found 10 JPA repository interfaces.
Multiple Spring Data modules found, entering strict repository configuration mode!
Bootstrapping Spring Data Redis repositories in DEFAULT mode.
Spring Data Redis - Could not safely identify store assignment for repository candidate interface com.dongtian.orderingsystem.dao.OrderDetailRepository. If you want this repository to be a Redis repository, consider annotating your entities with one of these annotations: org.springframework.data.redis.core.RedisHash (preferred), or consider extending one of the following types with your repository: org.springframework.data.keyvalue.repository.KeyValueRepository.
Spring Data Redis - Could not safely identify store assignment for repository candidate interface com.dongtian.orderingsystem.dao.OrderInfoRepository. If you want this repository to be a Redis repository, consider annotating your entities with one of these annotations: org.springframework.data.redis.core.RedisHash (preferred), or consider extending one of the following types with your repository: org.springframework.data.keyvalue.repository.KeyValueRepository.
Spring Data Redis - Could not safely identify store assignment for repository candidate interface com.dongtian.orderingsystem.dao.PaymentInfoRepository. If you want this repository to be a Redis repository, consider annotating your entities with one of these annotations: org.springframework.data.redis.core.RedisHash (preferred), or consider extending one of the following types with your repository: org.springframework.data.keyvalue.repository.KeyValueRepository.
Spring Data Redis - Could not safely identify store assignment for repository candidate interface com.dongtian.orderingsystem.dao.PaymentTypeRepository. If you want this repository to be a Redis repository, consider annotating your entities with one of these annotations: org.springframework.data.redis.core.RedisHash (preferred), or consider extending one of the following types with your repository: org.springframework.data.keyvalue.repository.KeyValueRepository.
Spring Data Redis - Could not safely identify store assignment for repository candidate interface com.dongtian.orderingsystem.dao.ProductCategoryRepository. If you want this repository to be a Redis repository, consider annotating your entities with one of these annotations: org.springframework.data.redis.core.RedisHash (preferred), or consider extending one of the following types with your repository: org.springframework.data.keyvalue.repository.KeyValueRepository.
Spring Data Redis - Could not safely identify store assignment for repository candidate interface com.dongtian.orderingsystem.dao.ProductInfoRepository. If you want this repository to be a Redis repository, consider annotating your entities with one of these annotations: org.springframework.data.redis.core.RedisHash (preferred), or consider extending one of the following types with your repository: org.springframework.data.keyvalue.repository.KeyValueRepository.
Spring Data Redis - Could not safely identify store assignment for repository candidate interface com.dongtian.orderingsystem.dao.RatingRepository. If you want this repository to be a Redis repository, consider annotating your entities with one of these annotations: org.springframework.data.redis.core.RedisHash (preferred), or consider extending one of the following types with your repository: org.springframework.data.keyvalue.repository.KeyValueRepository.
Spring Data Redis - Could not safely identify store assignment for repository candidate interface com.dongtian.orderingsystem.dao.ShopsRepository. If you want this repository to be a Redis repository, consider annotating your entities with one of these annotations: org.springframework.data.redis.core.RedisHash (preferred), or consider extending one of the following types with your repository: org.springframework.data.keyvalue.repository.KeyValueRepository.
Spring Data Redis - Could not safely identify store assignment for repository candidate interface com.dongtian.orderingsystem.dao.SupportsRepository. If you want this repository to be a Redis repository, consider annotating your entities with one of these annotations: org.springframework.data.redis.core.RedisHash (preferred), or consider extending one of the following types with your repository: org.springframework.data.keyvalue.repository.KeyValueRepository.
Spring Data Redis - Could not safely identify store assignment for repository candidate interface com.dongtian.orderingsystem.dao.UserRepository. If you want this repository to be a Redis repository, consider annotating your entities with one of these annotations: org.springframework.data.redis.core.RedisHash (preferred), or consider extending one of the following types with your repository: org.springframework.data.keyvalue.repository.KeyValueRepository.
Finished Spring Data repository scanning in 46ms. Found 0 Redis repository interfaces.
Tomcat initialized with port(s): 8080 (http)
Initializing ProtocolHandler ["http-nio-8080"]
Starting service [Tomcat]
Starting Servlet engine: [Apache Tomcat/9.0.31]
Initializing Spring embedded WebApplicationContext
Root WebApplicationContext: initialization completed in 2870 ms
HHH000204: Processing PersistenceUnitInfo [name: default]
HHH000412: Hibernate ORM core version 5.4.12.Final
HCANN000001: Hibernate Commons Annotations {5.1.0.Final}
{dataSource-1} inited
HHH000400: Using dialect: org.hibernate.dialect.MySQL8Dialect
HHH000490: Using JtaPlatform implementation: [org.hibernate.engine.transaction.jta.platform.internal.NoJtaPlatform]
Initialized JPA EntityManagerFactory for persistence unit 'default'
spring.jpa.open-in-view is enabled by default. Therefore, database queries may be performed during view rendering. Explicitly configure spring.jpa.open-in-view to disable this warning
Starting ProtocolHandler ["http-nio-8080"]
Tomcat started on port(s): 8080 (http) with context path '/ordering-system'
Started OrderingSystemApplication in 10.166 seconds (JVM running for 12.889)
从classpath: /D:/IDEAProject/ordering-system/target/classes/ 获取属性文件acp_sdk.properties
开始从属性文件中加载配置项
配置项：私钥签名证书路径==>acpsdk.signCert.path==>/certs/acp_test_sign.pfx 已加载
配置项：私钥签名证书密码==>acpsdk.signCert.pwd 已加载
配置项：私钥签名证书类型==>acpsdk.signCert.type==>PKCS12 已加载
配置项：敏感信息加密证书==>acpsdk.encryptCert.path==>D:/certs/acp_test_enc.cer 已加载
Initializing Spring DispatcherServlet 'dispatcherServlet'
Initializing Servlet 'dispatcherServlet'
Completed initialization in 13 ms
Starting without optional epoll library
Starting without optional kqueue library
Starting OrderingSystemApplication on DESKTOP-ER1O27V with PID 34108 (D:\IDEAProject\ordering-system\target\classes started by Dong in D:\IDEAProject\ordering-system)
No active profile set, falling back to default profiles: default
No MyBatis mapper was found in '[com.dongtian.orderingsystem]' package. Please check your configuration.
Multiple Spring Data modules found, entering strict repository configuration mode!
Bootstrapping Spring Data JPA repositories in DEFAULT mode.
Finished Spring Data repository scanning in 296ms. Found 10 JPA repository interfaces.
Multiple Spring Data modules found, entering strict repository configuration mode!
Bootstrapping Spring Data Redis repositories in DEFAULT mode.
Spring Data Redis - Could not safely identify store assignment for repository candidate interface com.dongtian.orderingsystem.dao.OrderDetailRepository. If you want this repository to be a Redis repository, consider annotating your entities with one of these annotations: org.springframework.data.redis.core.RedisHash (preferred), or consider extending one of the following types with your repository: org.springframework.data.keyvalue.repository.KeyValueRepository.
Spring Data Redis - Could not safely identify store assignment for repository candidate interface com.dongtian.orderingsystem.dao.OrderInfoRepository. If you want this repository to be a Redis repository, consider annotating your entities with one of these annotations: org.springframework.data.redis.core.RedisHash (preferred), or consider extending one of the following types with your repository: org.springframework.data.keyvalue.repository.KeyValueRepository.
Spring Data Redis - Could not safely identify store assignment for repository candidate interface com.dongtian.orderingsystem.dao.PaymentInfoRepository. If you want this repository to be a Redis repository, consider annotating your entities with one of these annotations: org.springframework.data.redis.core.RedisHash (preferred), or consider extending one of the following types with your repository: org.springframework.data.keyvalue.repository.KeyValueRepository.
Spring Data Redis - Could not safely identify store assignment for repository candidate interface com.dongtian.orderingsystem.dao.PaymentTypeRepository. If you want this repository to be a Redis repository, consider annotating your entities with one of these annotations: org.springframework.data.redis.core.RedisHash (preferred), or consider extending one of the following types with your repository: org.springframework.data.keyvalue.repository.KeyValueRepository.
Spring Data Redis - Could not safely identify store assignment for repository candidate interface com.dongtian.orderingsystem.dao.ProductCategoryRepository. If you want this repository to be a Redis repository, consider annotating your entities with one of these annotations: org.springframework.data.redis.core.RedisHash (preferred), or consider extending one of the following types with your repository: org.springframework.data.keyvalue.repository.KeyValueRepository.
Spring Data Redis - Could not safely identify store assignment for repository candidate interface com.dongtian.orderingsystem.dao.ProductInfoRepository. If you want this repository to be a Redis repository, consider annotating your entities with one of these annotations: org.springframework.data.redis.core.RedisHash (preferred), or consider extending one of the following types with your repository: org.springframework.data.keyvalue.repository.KeyValueRepository.
Spring Data Redis - Could not safely identify store assignment for repository candidate interface com.dongtian.orderingsystem.dao.RatingRepository. If you want this repository to be a Redis repository, consider annotating your entities with one of these annotations: org.springframework.data.redis.core.RedisHash (preferred), or consider extending one of the following types with your repository: org.springframework.data.keyvalue.repository.KeyValueRepository.
Spring Data Redis - Could not safely identify store assignment for repository candidate interface com.dongtian.orderingsystem.dao.ShopsRepository. If you want this repository to be a Redis repository, consider annotating your entities with one of these annotations: org.springframework.data.redis.core.RedisHash (preferred), or consider extending one of the following types with your repository: org.springframework.data.keyvalue.repository.KeyValueRepository.
Spring Data Redis - Could not safely identify store assignment for repository candidate interface com.dongtian.orderingsystem.dao.SupportsRepository. If you want this repository to be a Redis repository, consider annotating your entities with one of these annotations: org.springframework.data.redis.core.RedisHash (preferred), or consider extending one of the following types with your repository: org.springframework.data.keyvalue.repository.KeyValueRepository.
Spring Data Redis - Could not safely identify store assignment for repository candidate interface com.dongtian.orderingsystem.dao.UserRepository. If you want this repository to be a Redis repository, consider annotating your entities with one of these annotations: org.springframework.data.redis.core.RedisHash (preferred), or consider extending one of the following types with your repository: org.springframework.data.keyvalue.repository.KeyValueRepository.
Finished Spring Data repository scanning in 57ms. Found 0 Redis repository interfaces.
Tomcat initialized with port(s): 8080 (http)
Initializing ProtocolHandler ["http-nio-8080"]
Starting service [Tomcat]
Starting Servlet engine: [Apache Tomcat/9.0.31]
Initializing Spring embedded WebApplicationContext
Root WebApplicationContext: initialization completed in 4301 ms
HHH000204: Processing PersistenceUnitInfo [name: default]
HHH000412: Hibernate ORM core version 5.4.12.Final
HCANN000001: Hibernate Commons Annotations {5.1.0.Final}
{dataSource-1} inited
HHH000400: Using dialect: org.hibernate.dialect.MySQL8Dialect
HHH000490: Using JtaPlatform implementation: [org.hibernate.engine.transaction.jta.platform.internal.NoJtaPlatform]
Initialized JPA EntityManagerFactory for persistence unit 'default'
spring.jpa.open-in-view is enabled by default. Therefore, database queries may be performed during view rendering. Explicitly configure spring.jpa.open-in-view to disable this warning
Starting ProtocolHandler ["http-nio-8080"]
Tomcat started on port(s): 8080 (http) with context path '/ordering-system'
Started OrderingSystemApplication in 12.237 seconds (JVM running for 15.086)
从classpath: /D:/IDEAProject/ordering-system/target/classes/ 获取属性文件acp_sdk.properties
开始从属性文件中加载配置项
配置项：私钥签名证书路径==>acpsdk.signCert.path==>/certs/acp_test_sign.pfx 已加载
配置项：私钥签名证书密码==>acpsdk.signCert.pwd 已加载
配置项：私钥签名证书类型==>acpsdk.signCert.type==>PKCS12 已加载
配置项：敏感信息加密证书==>acpsdk.encryptCert.path==>D:/certs/acp_test_enc.cer 已加载
Initializing Spring DispatcherServlet 'dispatcherServlet'
Initializing Servlet 'dispatcherServlet'
Completed initialization in 13 ms
Starting without optional epoll library
Starting without optional kqueue library
No mapping for GET /ordering-system/ordering-system/manage/order/list
Starting OrderingSystemApplication on DESKTOP-ER1O27V with PID 34736 (D:\IDEAProject\ordering-system\target\classes started by Dong in D:\IDEAProject\ordering-system)
No active profile set, falling back to default profiles: default
No MyBatis mapper was found in '[com.dongtian.orderingsystem]' package. Please check your configuration.
Multiple Spring Data modules found, entering strict repository configuration mode!
Bootstrapping Spring Data JPA repositories in DEFAULT mode.
Finished Spring Data repository scanning in 243ms. Found 10 JPA repository interfaces.
Multiple Spring Data modules found, entering strict repository configuration mode!
Bootstrapping Spring Data Redis repositories in DEFAULT mode.
Spring Data Redis - Could not safely identify store assignment for repository candidate interface com.dongtian.orderingsystem.dao.OrderDetailRepository. If you want this repository to be a Redis repository, consider annotating your entities with one of these annotations: org.springframework.data.redis.core.RedisHash (preferred), or consider extending one of the following types with your repository: org.springframework.data.keyvalue.repository.KeyValueRepository.
Spring Data Redis - Could not safely identify store assignment for repository candidate interface com.dongtian.orderingsystem.dao.OrderInfoRepository. If you want this repository to be a Redis repository, consider annotating your entities with one of these annotations: org.springframework.data.redis.core.RedisHash (preferred), or consider extending one of the following types with your repository: org.springframework.data.keyvalue.repository.KeyValueRepository.
Spring Data Redis - Could not safely identify store assignment for repository candidate interface com.dongtian.orderingsystem.dao.PaymentInfoRepository. If you want this repository to be a Redis repository, consider annotating your entities with one of these annotations: org.springframework.data.redis.core.RedisHash (preferred), or consider extending one of the following types with your repository: org.springframework.data.keyvalue.repository.KeyValueRepository.
Spring Data Redis - Could not safely identify store assignment for repository candidate interface com.dongtian.orderingsystem.dao.PaymentTypeRepository. If you want this repository to be a Redis repository, consider annotating your entities with one of these annotations: org.springframework.data.redis.core.RedisHash (preferred), or consider extending one of the following types with your repository: org.springframework.data.keyvalue.repository.KeyValueRepository.
Spring Data Redis - Could not safely identify store assignment for repository candidate interface com.dongtian.orderingsystem.dao.ProductCategoryRepository. If you want this repository to be a Redis repository, consider annotating your entities with one of these annotations: org.springframework.data.redis.core.RedisHash (preferred), or consider extending one of the following types with your repository: org.springframework.data.keyvalue.repository.KeyValueRepository.
Spring Data Redis - Could not safely identify store assignment for repository candidate interface com.dongtian.orderingsystem.dao.ProductInfoRepository. If you want this repository to be a Redis repository, consider annotating your entities with one of these annotations: org.springframework.data.redis.core.RedisHash (preferred), or consider extending one of the following types with your repository: org.springframework.data.keyvalue.repository.KeyValueRepository.
Spring Data Redis - Could not safely identify store assignment for repository candidate interface com.dongtian.orderingsystem.dao.RatingRepository. If you want this repository to be a Redis repository, consider annotating your entities with one of these annotations: org.springframework.data.redis.core.RedisHash (preferred), or consider extending one of the following types with your repository: org.springframework.data.keyvalue.repository.KeyValueRepository.
Spring Data Redis - Could not safely identify store assignment for repository candidate interface com.dongtian.orderingsystem.dao.ShopsRepository. If you want this repository to be a Redis repository, consider annotating your entities with one of these annotations: org.springframework.data.redis.core.RedisHash (preferred), or consider extending one of the following types with your repository: org.springframework.data.keyvalue.repository.KeyValueRepository.
Spring Data Redis - Could not safely identify store assignment for repository candidate interface com.dongtian.orderingsystem.dao.SupportsRepository. If you want this repository to be a Redis repository, consider annotating your entities with one of these annotations: org.springframework.data.redis.core.RedisHash (preferred), or consider extending one of the following types with your repository: org.springframework.data.keyvalue.repository.KeyValueRepository.
Spring Data Redis - Could not safely identify store assignment for repository candidate interface com.dongtian.orderingsystem.dao.UserRepository. If you want this repository to be a Redis repository, consider annotating your entities with one of these annotations: org.springframework.data.redis.core.RedisHash (preferred), or consider extending one of the following types with your repository: org.springframework.data.keyvalue.repository.KeyValueRepository.
Finished Spring Data repository scanning in 61ms. Found 0 Redis repository interfaces.
Tomcat initialized with port(s): 8080 (http)
Initializing ProtocolHandler ["http-nio-8080"]
Starting service [Tomcat]
Starting Servlet engine: [Apache Tomcat/9.0.31]
Initializing Spring embedded WebApplicationContext
Root WebApplicationContext: initialization completed in 3491 ms
HHH000204: Processing PersistenceUnitInfo [name: default]
HHH000412: Hibernate ORM core version 5.4.12.Final
HCANN000001: Hibernate Commons Annotations {5.1.0.Final}
{dataSource-1} inited
HHH000400: Using dialect: org.hibernate.dialect.MySQL8Dialect
HHH000490: Using JtaPlatform implementation: [org.hibernate.engine.transaction.jta.platform.internal.NoJtaPlatform]
Initialized JPA EntityManagerFactory for persistence unit 'default'
spring.jpa.open-in-view is enabled by default. Therefore, database queries may be performed during view rendering. Explicitly configure spring.jpa.open-in-view to disable this warning
Starting ProtocolHandler ["http-nio-8080"]
Tomcat started on port(s): 8080 (http) with context path '/ordering-system'
Started OrderingSystemApplication in 12.771 seconds (JVM running for 16.097)
从classpath: /D:/IDEAProject/ordering-system/target/classes/ 获取属性文件acp_sdk.properties
开始从属性文件中加载配置项
配置项：私钥签名证书路径==>acpsdk.signCert.path==>/certs/acp_test_sign.pfx 已加载
配置项：私钥签名证书密码==>acpsdk.signCert.pwd 已加载
配置项：私钥签名证书类型==>acpsdk.signCert.type==>PKCS12 已加载
配置项：敏感信息加密证书==>acpsdk.encryptCert.path==>D:/certs/acp_test_enc.cer 已加载
Initializing Spring DispatcherServlet 'dispatcherServlet'
Initializing Servlet 'dispatcherServlet'
Completed initialization in 12 ms
No mapping for GET /ordering-system/ordering-system/manage/order/list
【登录校验】Cookie中查不到token
Starting without optional epoll library
Starting without optional kqueue library
Starting OrderingSystemApplication on DESKTOP-ER1O27V with PID 35632 (D:\IDEAProject\ordering-system\target\classes started by Dong in D:\IDEAProject\ordering-system)
No active profile set, falling back to default profiles: default
No MyBatis mapper was found in '[com.dongtian.orderingsystem]' package. Please check your configuration.
Multiple Spring Data modules found, entering strict repository configuration mode!
Bootstrapping Spring Data JPA repositories in DEFAULT mode.
Finished Spring Data repository scanning in 239ms. Found 10 JPA repository interfaces.
Multiple Spring Data modules found, entering strict repository configuration mode!
Bootstrapping Spring Data Redis repositories in DEFAULT mode.
Spring Data Redis - Could not safely identify store assignment for repository candidate interface com.dongtian.orderingsystem.dao.OrderDetailRepository. If you want this repository to be a Redis repository, consider annotating your entities with one of these annotations: org.springframework.data.redis.core.RedisHash (preferred), or consider extending one of the following types with your repository: org.springframework.data.keyvalue.repository.KeyValueRepository.
Spring Data Redis - Could not safely identify store assignment for repository candidate interface com.dongtian.orderingsystem.dao.OrderInfoRepository. If you want this repository to be a Redis repository, consider annotating your entities with one of these annotations: org.springframework.data.redis.core.RedisHash (preferred), or consider extending one of the following types with your repository: org.springframework.data.keyvalue.repository.KeyValueRepository.
Spring Data Redis - Could not safely identify store assignment for repository candidate interface com.dongtian.orderingsystem.dao.PaymentInfoRepository. If you want this repository to be a Redis repository, consider annotating your entities with one of these annotations: org.springframework.data.redis.core.RedisHash (preferred), or consider extending one of the following types with your repository: org.springframework.data.keyvalue.repository.KeyValueRepository.
Spring Data Redis - Could not safely identify store assignment for repository candidate interface com.dongtian.orderingsystem.dao.PaymentTypeRepository. If you want this repository to be a Redis repository, consider annotating your entities with one of these annotations: org.springframework.data.redis.core.RedisHash (preferred), or consider extending one of the following types with your repository: org.springframework.data.keyvalue.repository.KeyValueRepository.
Spring Data Redis - Could not safely identify store assignment for repository candidate interface com.dongtian.orderingsystem.dao.ProductCategoryRepository. If you want this repository to be a Redis repository, consider annotating your entities with one of these annotations: org.springframework.data.redis.core.RedisHash (preferred), or consider extending one of the following types with your repository: org.springframework.data.keyvalue.repository.KeyValueRepository.
Spring Data Redis - Could not safely identify store assignment for repository candidate interface com.dongtian.orderingsystem.dao.ProductInfoRepository. If you want this repository to be a Redis repository, consider annotating your entities with one of these annotations: org.springframework.data.redis.core.RedisHash (preferred), or consider extending one of the following types with your repository: org.springframework.data.keyvalue.repository.KeyValueRepository.
Spring Data Redis - Could not safely identify store assignment for repository candidate interface com.dongtian.orderingsystem.dao.RatingRepository. If you want this repository to be a Redis repository, consider annotating your entities with one of these annotations: org.springframework.data.redis.core.RedisHash (preferred), or consider extending one of the following types with your repository: org.springframework.data.keyvalue.repository.KeyValueRepository.
Spring Data Redis - Could not safely identify store assignment for repository candidate interface com.dongtian.orderingsystem.dao.ShopsRepository. If you want this repository to be a Redis repository, consider annotating your entities with one of these annotations: org.springframework.data.redis.core.RedisHash (preferred), or consider extending one of the following types with your repository: org.springframework.data.keyvalue.repository.KeyValueRepository.
Spring Data Redis - Could not safely identify store assignment for repository candidate interface com.dongtian.orderingsystem.dao.SupportsRepository. If you want this repository to be a Redis repository, consider annotating your entities with one of these annotations: org.springframework.data.redis.core.RedisHash (preferred), or consider extending one of the following types with your repository: org.springframework.data.keyvalue.repository.KeyValueRepository.
Spring Data Redis - Could not safely identify store assignment for repository candidate interface com.dongtian.orderingsystem.dao.UserRepository. If you want this repository to be a Redis repository, consider annotating your entities with one of these annotations: org.springframework.data.redis.core.RedisHash (preferred), or consider extending one of the following types with your repository: org.springframework.data.keyvalue.repository.KeyValueRepository.
Finished Spring Data repository scanning in 55ms. Found 0 Redis repository interfaces.
Tomcat initialized with port(s): 8080 (http)
Initializing ProtocolHandler ["http-nio-8080"]
Starting service [Tomcat]
Starting Servlet engine: [Apache Tomcat/9.0.31]
Initializing Spring embedded WebApplicationContext
Root WebApplicationContext: initialization completed in 3765 ms
HHH000204: Processing PersistenceUnitInfo [name: default]
HHH000412: Hibernate ORM core version 5.4.12.Final
HCANN000001: Hibernate Commons Annotations {5.1.0.Final}
{dataSource-1} inited
HHH000400: Using dialect: org.hibernate.dialect.MySQL8Dialect
HHH000490: Using JtaPlatform implementation: [org.hibernate.engine.transaction.jta.platform.internal.NoJtaPlatform]
Initialized JPA EntityManagerFactory for persistence unit 'default'
spring.jpa.open-in-view is enabled by default. Therefore, database queries may be performed during view rendering. Explicitly configure spring.jpa.open-in-view to disable this warning
Starting ProtocolHandler ["http-nio-8080"]
Tomcat started on port(s): 8080 (http) with context path '/ordering-system'
Started OrderingSystemApplication in 12.967 seconds (JVM running for 15.897)
从classpath: /D:/IDEAProject/ordering-system/target/classes/ 获取属性文件acp_sdk.properties
开始从属性文件中加载配置项
配置项：私钥签名证书路径==>acpsdk.signCert.path==>/certs/acp_test_sign.pfx 已加载
配置项：私钥签名证书密码==>acpsdk.signCert.pwd 已加载
配置项：私钥签名证书类型==>acpsdk.signCert.type==>PKCS12 已加载
配置项：敏感信息加密证书==>acpsdk.encryptCert.path==>D:/certs/acp_test_enc.cer 已加载
Initializing Spring DispatcherServlet 'dispatcherServlet'
Initializing Servlet 'dispatcherServlet'
Completed initialization in 19 ms
Starting without optional epoll library
Starting without optional kqueue library
Starting OrderingSystemApplication on DESKTOP-ER1O27V with PID 38884 (D:\IDEAProject\ordering-system\target\classes started by Dong in D:\IDEAProject\ordering-system)
No active profile set, falling back to default profiles: default
No MyBatis mapper was found in '[com.dongtian.orderingsystem]' package. Please check your configuration.
Multiple Spring Data modules found, entering strict repository configuration mode!
Bootstrapping Spring Data JPA repositories in DEFAULT mode.
Finished Spring Data repository scanning in 195ms. Found 10 JPA repository interfaces.
Multiple Spring Data modules found, entering strict repository configuration mode!
Bootstrapping Spring Data Redis repositories in DEFAULT mode.
Spring Data Redis - Could not safely identify store assignment for repository candidate interface com.dongtian.orderingsystem.dao.OrderDetailRepository. If you want this repository to be a Redis repository, consider annotating your entities with one of these annotations: org.springframework.data.redis.core.RedisHash (preferred), or consider extending one of the following types with your repository: org.springframework.data.keyvalue.repository.KeyValueRepository.
Spring Data Redis - Could not safely identify store assignment for repository candidate interface com.dongtian.orderingsystem.dao.OrderInfoRepository. If you want this repository to be a Redis repository, consider annotating your entities with one of these annotations: org.springframework.data.redis.core.RedisHash (preferred), or consider extending one of the following types with your repository: org.springframework.data.keyvalue.repository.KeyValueRepository.
Spring Data Redis - Could not safely identify store assignment for repository candidate interface com.dongtian.orderingsystem.dao.PaymentInfoRepository. If you want this repository to be a Redis repository, consider annotating your entities with one of these annotations: org.springframework.data.redis.core.RedisHash (preferred), or consider extending one of the following types with your repository: org.springframework.data.keyvalue.repository.KeyValueRepository.
Spring Data Redis - Could not safely identify store assignment for repository candidate interface com.dongtian.orderingsystem.dao.PaymentTypeRepository. If you want this repository to be a Redis repository, consider annotating your entities with one of these annotations: org.springframework.data.redis.core.RedisHash (preferred), or consider extending one of the following types with your repository: org.springframework.data.keyvalue.repository.KeyValueRepository.
Spring Data Redis - Could not safely identify store assignment for repository candidate interface com.dongtian.orderingsystem.dao.ProductCategoryRepository. If you want this repository to be a Redis repository, consider annotating your entities with one of these annotations: org.springframework.data.redis.core.RedisHash (preferred), or consider extending one of the following types with your repository: org.springframework.data.keyvalue.repository.KeyValueRepository.
Spring Data Redis - Could not safely identify store assignment for repository candidate interface com.dongtian.orderingsystem.dao.ProductInfoRepository. If you want this repository to be a Redis repository, consider annotating your entities with one of these annotations: org.springframework.data.redis.core.RedisHash (preferred), or consider extending one of the following types with your repository: org.springframework.data.keyvalue.repository.KeyValueRepository.
Spring Data Redis - Could not safely identify store assignment for repository candidate interface com.dongtian.orderingsystem.dao.RatingRepository. If you want this repository to be a Redis repository, consider annotating your entities with one of these annotations: org.springframework.data.redis.core.RedisHash (preferred), or consider extending one of the following types with your repository: org.springframework.data.keyvalue.repository.KeyValueRepository.
Spring Data Redis - Could not safely identify store assignment for repository candidate interface com.dongtian.orderingsystem.dao.ShopsRepository. If you want this repository to be a Redis repository, consider annotating your entities with one of these annotations: org.springframework.data.redis.core.RedisHash (preferred), or consider extending one of the following types with your repository: org.springframework.data.keyvalue.repository.KeyValueRepository.
Spring Data Redis - Could not safely identify store assignment for repository candidate interface com.dongtian.orderingsystem.dao.SupportsRepository. If you want this repository to be a Redis repository, consider annotating your entities with one of these annotations: org.springframework.data.redis.core.RedisHash (preferred), or consider extending one of the following types with your repository: org.springframework.data.keyvalue.repository.KeyValueRepository.
Spring Data Redis - Could not safely identify store assignment for repository candidate interface com.dongtian.orderingsystem.dao.UserRepository. If you want this repository to be a Redis repository, consider annotating your entities with one of these annotations: org.springframework.data.redis.core.RedisHash (preferred), or consider extending one of the following types with your repository: org.springframework.data.keyvalue.repository.KeyValueRepository.
Finished Spring Data repository scanning in 52ms. Found 0 Redis repository interfaces.
Tomcat initialized with port(s): 8080 (http)
Initializing ProtocolHandler ["http-nio-8080"]
Starting service [Tomcat]
Starting Servlet engine: [Apache Tomcat/9.0.31]
Initializing Spring embedded WebApplicationContext
Root WebApplicationContext: initialization completed in 2714 ms
HHH000204: Processing PersistenceUnitInfo [name: default]
HHH000412: Hibernate ORM core version 5.4.12.Final
HCANN000001: Hibernate Commons Annotations {5.1.0.Final}
{dataSource-1} inited
HHH000400: Using dialect: org.hibernate.dialect.MySQL8Dialect
HHH000490: Using JtaPlatform implementation: [org.hibernate.engine.transaction.jta.platform.internal.NoJtaPlatform]
Initialized JPA EntityManagerFactory for persistence unit 'default'
spring.jpa.open-in-view is enabled by default. Therefore, database queries may be performed during view rendering. Explicitly configure spring.jpa.open-in-view to disable this warning
Starting ProtocolHandler ["http-nio-8080"]
Tomcat started on port(s): 8080 (http) with context path '/ordering-system'
Started OrderingSystemApplication in 10.114 seconds (JVM running for 13.039)
从classpath: /D:/IDEAProject/ordering-system/target/classes/ 获取属性文件acp_sdk.properties
开始从属性文件中加载配置项
配置项：私钥签名证书路径==>acpsdk.signCert.path==>/certs/acp_test_sign.pfx 已加载
配置项：私钥签名证书密码==>acpsdk.signCert.pwd 已加载
配置项：私钥签名证书类型==>acpsdk.signCert.type==>PKCS12 已加载
配置项：敏感信息加密证书==>acpsdk.encryptCert.path==>D:/certs/acp_test_enc.cer 已加载
Initializing Spring DispatcherServlet 'dispatcherServlet'
Initializing Servlet 'dispatcherServlet'
Completed initialization in 10 ms
Starting without optional epoll library
Starting without optional kqueue library
Starting OrderingSystemApplication on DESKTOP-ER1O27V with PID 26532 (D:\IDEAProject\ordering-system\target\classes started by Dong in D:\IDEAProject\ordering-system)
No active profile set, falling back to default profiles: default
No MyBatis mapper was found in '[com.dongtian.orderingsystem]' package. Please check your configuration.
Multiple Spring Data modules found, entering strict repository configuration mode!
Bootstrapping Spring Data JPA repositories in DEFAULT mode.
Finished Spring Data repository scanning in 232ms. Found 10 JPA repository interfaces.
Multiple Spring Data modules found, entering strict repository configuration mode!
Bootstrapping Spring Data Redis repositories in DEFAULT mode.
Spring Data Redis - Could not safely identify store assignment for repository candidate interface com.dongtian.orderingsystem.dao.OrderDetailRepository. If you want this repository to be a Redis repository, consider annotating your entities with one of these annotations: org.springframework.data.redis.core.RedisHash (preferred), or consider extending one of the following types with your repository: org.springframework.data.keyvalue.repository.KeyValueRepository.
Spring Data Redis - Could not safely identify store assignment for repository candidate interface com.dongtian.orderingsystem.dao.OrderInfoRepository. If you want this repository to be a Redis repository, consider annotating your entities with one of these annotations: org.springframework.data.redis.core.RedisHash (preferred), or consider extending one of the following types with your repository: org.springframework.data.keyvalue.repository.KeyValueRepository.
Spring Data Redis - Could not safely identify store assignment for repository candidate interface com.dongtian.orderingsystem.dao.PaymentInfoRepository. If you want this repository to be a Redis repository, consider annotating your entities with one of these annotations: org.springframework.data.redis.core.RedisHash (preferred), or consider extending one of the following types with your repository: org.springframework.data.keyvalue.repository.KeyValueRepository.
Spring Data Redis - Could not safely identify store assignment for repository candidate interface com.dongtian.orderingsystem.dao.PaymentTypeRepository. If you want this repository to be a Redis repository, consider annotating your entities with one of these annotations: org.springframework.data.redis.core.RedisHash (preferred), or consider extending one of the following types with your repository: org.springframework.data.keyvalue.repository.KeyValueRepository.
Spring Data Redis - Could not safely identify store assignment for repository candidate interface com.dongtian.orderingsystem.dao.ProductCategoryRepository. If you want this repository to be a Redis repository, consider annotating your entities with one of these annotations: org.springframework.data.redis.core.RedisHash (preferred), or consider extending one of the following types with your repository: org.springframework.data.keyvalue.repository.KeyValueRepository.
Spring Data Redis - Could not safely identify store assignment for repository candidate interface com.dongtian.orderingsystem.dao.ProductInfoRepository. If you want this repository to be a Redis repository, consider annotating your entities with one of these annotations: org.springframework.data.redis.core.RedisHash (preferred), or consider extending one of the following types with your repository: org.springframework.data.keyvalue.repository.KeyValueRepository.
Spring Data Redis - Could not safely identify store assignment for repository candidate interface com.dongtian.orderingsystem.dao.RatingRepository. If you want this repository to be a Redis repository, consider annotating your entities with one of these annotations: org.springframework.data.redis.core.RedisHash (preferred), or consider extending one of the following types with your repository: org.springframework.data.keyvalue.repository.KeyValueRepository.
Spring Data Redis - Could not safely identify store assignment for repository candidate interface com.dongtian.orderingsystem.dao.ShopsRepository. If you want this repository to be a Redis repository, consider annotating your entities with one of these annotations: org.springframework.data.redis.core.RedisHash (preferred), or consider extending one of the following types with your repository: org.springframework.data.keyvalue.repository.KeyValueRepository.
Spring Data Redis - Could not safely identify store assignment for repository candidate interface com.dongtian.orderingsystem.dao.SupportsRepository. If you want this repository to be a Redis repository, consider annotating your entities with one of these annotations: org.springframework.data.redis.core.RedisHash (preferred), or consider extending one of the following types with your repository: org.springframework.data.keyvalue.repository.KeyValueRepository.
Spring Data Redis - Could not safely identify store assignment for repository candidate interface com.dongtian.orderingsystem.dao.UserRepository. If you want this repository to be a Redis repository, consider annotating your entities with one of these annotations: org.springframework.data.redis.core.RedisHash (preferred), or consider extending one of the following types with your repository: org.springframework.data.keyvalue.repository.KeyValueRepository.
Finished Spring Data repository scanning in 49ms. Found 0 Redis repository interfaces.
Tomcat initialized with port(s): 8080 (http)
Initializing ProtocolHandler ["http-nio-8080"]
Starting service [Tomcat]
Starting Servlet engine: [Apache Tomcat/9.0.31]
Initializing Spring embedded WebApplicationContext
Root WebApplicationContext: initialization completed in 3351 ms
HHH000204: Processing PersistenceUnitInfo [name: default]
HHH000412: Hibernate ORM core version 5.4.12.Final
HCANN000001: Hibernate Commons Annotations {5.1.0.Final}
{dataSource-1} inited
HHH000400: Using dialect: org.hibernate.dialect.MySQL8Dialect
HHH000490: Using JtaPlatform implementation: [org.hibernate.engine.transaction.jta.platform.internal.NoJtaPlatform]
Initialized JPA EntityManagerFactory for persistence unit 'default'
spring.jpa.open-in-view is enabled by default. Therefore, database queries may be performed during view rendering. Explicitly configure spring.jpa.open-in-view to disable this warning
Starting ProtocolHandler ["http-nio-8080"]
Tomcat started on port(s): 8080 (http) with context path '/ordering-system'
Started OrderingSystemApplication in 12.629 seconds (JVM running for 16.116)
从classpath: /D:/IDEAProject/ordering-system/target/classes/ 获取属性文件acp_sdk.properties
开始从属性文件中加载配置项
配置项：私钥签名证书路径==>acpsdk.signCert.path==>/certs/acp_test_sign.pfx 已加载
配置项：私钥签名证书密码==>acpsdk.signCert.pwd 已加载
配置项：私钥签名证书类型==>acpsdk.signCert.type==>PKCS12 已加载
配置项：敏感信息加密证书==>acpsdk.encryptCert.path==>D:/certs/acp_test_enc.cer 已加载
Initializing Spring DispatcherServlet 'dispatcherServlet'
Initializing Servlet 'dispatcherServlet'
Completed initialization in 12 ms
Closing JPA EntityManagerFactory for persistence unit 'default'
{dataSource-1} closed
SQL Error: 0, SQLState: null
Starting OrderingSystemApplication on DESKTOP-ER1O27V with PID 21012 (D:\IDEAProject\ordering-system\target\classes started by Dong in D:\IDEAProject\ordering-system)
No active profile set, falling back to default profiles: default
No MyBatis mapper was found in '[com.dongtian.orderingsystem]' package. Please check your configuration.
Multiple Spring Data modules found, entering strict repository configuration mode!
Bootstrapping Spring Data JPA repositories in DEFAULT mode.
Finished Spring Data repository scanning in 241ms. Found 10 JPA repository interfaces.
Multiple Spring Data modules found, entering strict repository configuration mode!
Bootstrapping Spring Data Redis repositories in DEFAULT mode.
Spring Data Redis - Could not safely identify store assignment for repository candidate interface com.dongtian.orderingsystem.dao.OrderDetailRepository. If you want this repository to be a Redis repository, consider annotating your entities with one of these annotations: org.springframework.data.redis.core.RedisHash (preferred), or consider extending one of the following types with your repository: org.springframework.data.keyvalue.repository.KeyValueRepository.
Spring Data Redis - Could not safely identify store assignment for repository candidate interface com.dongtian.orderingsystem.dao.OrderInfoRepository. If you want this repository to be a Redis repository, consider annotating your entities with one of these annotations: org.springframework.data.redis.core.RedisHash (preferred), or consider extending one of the following types with your repository: org.springframework.data.keyvalue.repository.KeyValueRepository.
Spring Data Redis - Could not safely identify store assignment for repository candidate interface com.dongtian.orderingsystem.dao.PaymentInfoRepository. If you want this repository to be a Redis repository, consider annotating your entities with one of these annotations: org.springframework.data.redis.core.RedisHash (preferred), or consider extending one of the following types with your repository: org.springframework.data.keyvalue.repository.KeyValueRepository.
Spring Data Redis - Could not safely identify store assignment for repository candidate interface com.dongtian.orderingsystem.dao.PaymentTypeRepository. If you want this repository to be a Redis repository, consider annotating your entities with one of these annotations: org.springframework.data.redis.core.RedisHash (preferred), or consider extending one of the following types with your repository: org.springframework.data.keyvalue.repository.KeyValueRepository.
Spring Data Redis - Could not safely identify store assignment for repository candidate interface com.dongtian.orderingsystem.dao.ProductCategoryRepository. If you want this repository to be a Redis repository, consider annotating your entities with one of these annotations: org.springframework.data.redis.core.RedisHash (preferred), or consider extending one of the following types with your repository: org.springframework.data.keyvalue.repository.KeyValueRepository.
Spring Data Redis - Could not safely identify store assignment for repository candidate interface com.dongtian.orderingsystem.dao.ProductInfoRepository. If you want this repository to be a Redis repository, consider annotating your entities with one of these annotations: org.springframework.data.redis.core.RedisHash (preferred), or consider extending one of the following types with your repository: org.springframework.data.keyvalue.repository.KeyValueRepository.
Spring Data Redis - Could not safely identify store assignment for repository candidate interface com.dongtian.orderingsystem.dao.RatingRepository. If you want this repository to be a Redis repository, consider annotating your entities with one of these annotations: org.springframework.data.redis.core.RedisHash (preferred), or consider extending one of the following types with your repository: org.springframework.data.keyvalue.repository.KeyValueRepository.
Spring Data Redis - Could not safely identify store assignment for repository candidate interface com.dongtian.orderingsystem.dao.ShopsRepository. If you want this repository to be a Redis repository, consider annotating your entities with one of these annotations: org.springframework.data.redis.core.RedisHash (preferred), or consider extending one of the following types with your repository: org.springframework.data.keyvalue.repository.KeyValueRepository.
Spring Data Redis - Could not safely identify store assignment for repository candidate interface com.dongtian.orderingsystem.dao.SupportsRepository. If you want this repository to be a Redis repository, consider annotating your entities with one of these annotations: org.springframework.data.redis.core.RedisHash (preferred), or consider extending one of the following types with your repository: org.springframework.data.keyvalue.repository.KeyValueRepository.
Spring Data Redis - Could not safely identify store assignment for repository candidate interface com.dongtian.orderingsystem.dao.UserRepository. If you want this repository to be a Redis repository, consider annotating your entities with one of these annotations: org.springframework.data.redis.core.RedisHash (preferred), or consider extending one of the following types with your repository: org.springframework.data.keyvalue.repository.KeyValueRepository.
Finished Spring Data repository scanning in 48ms. Found 0 Redis repository interfaces.
Tomcat initialized with port(s): 8080 (http)
Initializing ProtocolHandler ["http-nio-8080"]
Starting service [Tomcat]
Starting Servlet engine: [Apache Tomcat/9.0.31]
Initializing Spring embedded WebApplicationContext
Root WebApplicationContext: initialization completed in 3040 ms
HHH000204: Processing PersistenceUnitInfo [name: default]
HHH000412: Hibernate ORM core version 5.4.12.Final
HCANN000001: Hibernate Commons Annotations {5.1.0.Final}
{dataSource-1} inited
HHH000400: Using dialect: org.hibernate.dialect.MySQL8Dialect
HHH000490: Using JtaPlatform implementation: [org.hibernate.engine.transaction.jta.platform.internal.NoJtaPlatform]
Initialized JPA EntityManagerFactory for persistence unit 'default'
spring.jpa.open-in-view is enabled by default. Therefore, database queries may be performed during view rendering. Explicitly configure spring.jpa.open-in-view to disable this warning
Starting ProtocolHandler ["http-nio-8080"]
Tomcat started on port(s): 8080 (http) with context path '/ordering-system'
Started OrderingSystemApplication in 11.991 seconds (JVM running for 15.261)
从classpath: /D:/IDEAProject/ordering-system/target/classes/ 获取属性文件acp_sdk.properties
开始从属性文件中加载配置项
配置项：私钥签名证书路径==>acpsdk.signCert.path==>/certs/acp_test_sign.pfx 已加载
配置项：私钥签名证书密码==>acpsdk.signCert.pwd 已加载
配置项：私钥签名证书类型==>acpsdk.signCert.type==>PKCS12 已加载
配置项：敏感信息加密证书==>acpsdk.encryptCert.path==>D:/certs/acp_test_enc.cer 已加载
Initializing Spring DispatcherServlet 'dispatcherServlet'
Initializing Servlet 'dispatcherServlet'
Completed initialization in 14 ms
Closing JPA EntityManagerFactory for persistence unit 'default'
{dataSource-1} closed
Starting OrderingSystemApplication on DESKTOP-ER1O27V with PID 15632 (D:\IDEAProject\ordering-system\target\classes started by Dong in D:\IDEAProject\ordering-system)
No active profile set, falling back to default profiles: default
No MyBatis mapper was found in '[com.dongtian.orderingsystem]' package. Please check your configuration.
Multiple Spring Data modules found, entering strict repository configuration mode!
Bootstrapping Spring Data JPA repositories in DEFAULT mode.
Finished Spring Data repository scanning in 188ms. Found 10 JPA repository interfaces.
Multiple Spring Data modules found, entering strict repository configuration mode!
Bootstrapping Spring Data Redis repositories in DEFAULT mode.
Spring Data Redis - Could not safely identify store assignment for repository candidate interface com.dongtian.orderingsystem.dao.OrderDetailRepository. If you want this repository to be a Redis repository, consider annotating your entities with one of these annotations: org.springframework.data.redis.core.RedisHash (preferred), or consider extending one of the following types with your repository: org.springframework.data.keyvalue.repository.KeyValueRepository.
Spring Data Redis - Could not safely identify store assignment for repository candidate interface com.dongtian.orderingsystem.dao.OrderInfoRepository. If you want this repository to be a Redis repository, consider annotating your entities with one of these annotations: org.springframework.data.redis.core.RedisHash (preferred), or consider extending one of the following types with your repository: org.springframework.data.keyvalue.repository.KeyValueRepository.
Spring Data Redis - Could not safely identify store assignment for repository candidate interface com.dongtian.orderingsystem.dao.PaymentInfoRepository. If you want this repository to be a Redis repository, consider annotating your entities with one of these annotations: org.springframework.data.redis.core.RedisHash (preferred), or consider extending one of the following types with your repository: org.springframework.data.keyvalue.repository.KeyValueRepository.
Spring Data Redis - Could not safely identify store assignment for repository candidate interface com.dongtian.orderingsystem.dao.PaymentTypeRepository. If you want this repository to be a Redis repository, consider annotating your entities with one of these annotations: org.springframework.data.redis.core.RedisHash (preferred), or consider extending one of the following types with your repository: org.springframework.data.keyvalue.repository.KeyValueRepository.
Spring Data Redis - Could not safely identify store assignment for repository candidate interface com.dongtian.orderingsystem.dao.ProductCategoryRepository. If you want this repository to be a Redis repository, consider annotating your entities with one of these annotations: org.springframework.data.redis.core.RedisHash (preferred), or consider extending one of the following types with your repository: org.springframework.data.keyvalue.repository.KeyValueRepository.
Spring Data Redis - Could not safely identify store assignment for repository candidate interface com.dongtian.orderingsystem.dao.ProductInfoRepository. If you want this repository to be a Redis repository, consider annotating your entities with one of these annotations: org.springframework.data.redis.core.RedisHash (preferred), or consider extending one of the following types with your repository: org.springframework.data.keyvalue.repository.KeyValueRepository.
Spring Data Redis - Could not safely identify store assignment for repository candidate interface com.dongtian.orderingsystem.dao.RatingRepository. If you want this repository to be a Redis repository, consider annotating your entities with one of these annotations: org.springframework.data.redis.core.RedisHash (preferred), or consider extending one of the following types with your repository: org.springframework.data.keyvalue.repository.KeyValueRepository.
Spring Data Redis - Could not safely identify store assignment for repository candidate interface com.dongtian.orderingsystem.dao.ShopsRepository. If you want this repository to be a Redis repository, consider annotating your entities with one of these annotations: org.springframework.data.redis.core.RedisHash (preferred), or consider extending one of the following types with your repository: org.springframework.data.keyvalue.repository.KeyValueRepository.
Spring Data Redis - Could not safely identify store assignment for repository candidate interface com.dongtian.orderingsystem.dao.SupportsRepository. If you want this repository to be a Redis repository, consider annotating your entities with one of these annotations: org.springframework.data.redis.core.RedisHash (preferred), or consider extending one of the following types with your repository: org.springframework.data.keyvalue.repository.KeyValueRepository.
Spring Data Redis - Could not safely identify store assignment for repository candidate interface com.dongtian.orderingsystem.dao.UserRepository. If you want this repository to be a Redis repository, consider annotating your entities with one of these annotations: org.springframework.data.redis.core.RedisHash (preferred), or consider extending one of the following types with your repository: org.springframework.data.keyvalue.repository.KeyValueRepository.
Finished Spring Data repository scanning in 50ms. Found 0 Redis repository interfaces.
Tomcat initialized with port(s): 8080 (http)
Initializing ProtocolHandler ["http-nio-8080"]
Starting service [Tomcat]
Starting Servlet engine: [Apache Tomcat/9.0.31]
Initializing Spring embedded WebApplicationContext
Root WebApplicationContext: initialization completed in 2623 ms
HHH000204: Processing PersistenceUnitInfo [name: default]
HHH000412: Hibernate ORM core version 5.4.12.Final
HCANN000001: Hibernate Commons Annotations {5.1.0.Final}
{dataSource-1} inited
HHH000400: Using dialect: org.hibernate.dialect.MySQL8Dialect
HHH000490: Using JtaPlatform implementation: [org.hibernate.engine.transaction.jta.platform.internal.NoJtaPlatform]
Initialized JPA EntityManagerFactory for persistence unit 'default'
spring.jpa.open-in-view is enabled by default. Therefore, database queries may be performed during view rendering. Explicitly configure spring.jpa.open-in-view to disable this warning
Starting ProtocolHandler ["http-nio-8080"]
Tomcat started on port(s): 8080 (http) with context path '/ordering-system'
Started OrderingSystemApplication in 10.907 seconds (JVM running for 13.636)
从classpath: /D:/IDEAProject/ordering-system/target/classes/ 获取属性文件acp_sdk.properties
开始从属性文件中加载配置项
配置项：私钥签名证书路径==>acpsdk.signCert.path==>/certs/acp_test_sign.pfx 已加载
配置项：私钥签名证书密码==>acpsdk.signCert.pwd 已加载
配置项：私钥签名证书类型==>acpsdk.signCert.type==>PKCS12 已加载
配置项：敏感信息加密证书==>acpsdk.encryptCert.path==>D:/certs/acp_test_enc.cer 已加载
Initializing Spring DispatcherServlet 'dispatcherServlet'
Initializing Servlet 'dispatcherServlet'
Completed initialization in 9 ms
Starting without optional epoll library
Starting without optional kqueue library
Starting OrderingSystemApplication on DESKTOP-ER1O27V with PID 13020 (D:\IDEAProject\ordering-system\target\classes started by Dong in D:\IDEAProject\ordering-system)
No active profile set, falling back to default profiles: default
No MyBatis mapper was found in '[com.dongtian.orderingsystem]' package. Please check your configuration.
Multiple Spring Data modules found, entering strict repository configuration mode!
Bootstrapping Spring Data JPA repositories in DEFAULT mode.
Finished Spring Data repository scanning in 246ms. Found 10 JPA repository interfaces.
Multiple Spring Data modules found, entering strict repository configuration mode!
Bootstrapping Spring Data Redis repositories in DEFAULT mode.
Spring Data Redis - Could not safely identify store assignment for repository candidate interface com.dongtian.orderingsystem.dao.OrderDetailRepository. If you want this repository to be a Redis repository, consider annotating your entities with one of these annotations: org.springframework.data.redis.core.RedisHash (preferred), or consider extending one of the following types with your repository: org.springframework.data.keyvalue.repository.KeyValueRepository.
Spring Data Redis - Could not safely identify store assignment for repository candidate interface com.dongtian.orderingsystem.dao.OrderInfoRepository. If you want this repository to be a Redis repository, consider annotating your entities with one of these annotations: org.springframework.data.redis.core.RedisHash (preferred), or consider extending one of the following types with your repository: org.springframework.data.keyvalue.repository.KeyValueRepository.
Spring Data Redis - Could not safely identify store assignment for repository candidate interface com.dongtian.orderingsystem.dao.PaymentInfoRepository. If you want this repository to be a Redis repository, consider annotating your entities with one of these annotations: org.springframework.data.redis.core.RedisHash (preferred), or consider extending one of the following types with your repository: org.springframework.data.keyvalue.repository.KeyValueRepository.
Spring Data Redis - Could not safely identify store assignment for repository candidate interface com.dongtian.orderingsystem.dao.PaymentTypeRepository. If you want this repository to be a Redis repository, consider annotating your entities with one of these annotations: org.springframework.data.redis.core.RedisHash (preferred), or consider extending one of the following types with your repository: org.springframework.data.keyvalue.repository.KeyValueRepository.
Spring Data Redis - Could not safely identify store assignment for repository candidate interface com.dongtian.orderingsystem.dao.ProductCategoryRepository. If you want this repository to be a Redis repository, consider annotating your entities with one of these annotations: org.springframework.data.redis.core.RedisHash (preferred), or consider extending one of the following types with your repository: org.springframework.data.keyvalue.repository.KeyValueRepository.
Spring Data Redis - Could not safely identify store assignment for repository candidate interface com.dongtian.orderingsystem.dao.ProductInfoRepository. If you want this repository to be a Redis repository, consider annotating your entities with one of these annotations: org.springframework.data.redis.core.RedisHash (preferred), or consider extending one of the following types with your repository: org.springframework.data.keyvalue.repository.KeyValueRepository.
Spring Data Redis - Could not safely identify store assignment for repository candidate interface com.dongtian.orderingsystem.dao.RatingRepository. If you want this repository to be a Redis repository, consider annotating your entities with one of these annotations: org.springframework.data.redis.core.RedisHash (preferred), or consider extending one of the following types with your repository: org.springframework.data.keyvalue.repository.KeyValueRepository.
Spring Data Redis - Could not safely identify store assignment for repository candidate interface com.dongtian.orderingsystem.dao.ShopsRepository. If you want this repository to be a Redis repository, consider annotating your entities with one of these annotations: org.springframework.data.redis.core.RedisHash (preferred), or consider extending one of the following types with your repository: org.springframework.data.keyvalue.repository.KeyValueRepository.
Spring Data Redis - Could not safely identify store assignment for repository candidate interface com.dongtian.orderingsystem.dao.SupportsRepository. If you want this repository to be a Redis repository, consider annotating your entities with one of these annotations: org.springframework.data.redis.core.RedisHash (preferred), or consider extending one of the following types with your repository: org.springframework.data.keyvalue.repository.KeyValueRepository.
Spring Data Redis - Could not safely identify store assignment for repository candidate interface com.dongtian.orderingsystem.dao.UserRepository. If you want this repository to be a Redis repository, consider annotating your entities with one of these annotations: org.springframework.data.redis.core.RedisHash (preferred), or consider extending one of the following types with your repository: org.springframework.data.keyvalue.repository.KeyValueRepository.
Finished Spring Data repository scanning in 50ms. Found 0 Redis repository interfaces.
Tomcat initialized with port(s): 8080 (http)
Initializing ProtocolHandler ["http-nio-8080"]
Starting service [Tomcat]
Starting Servlet engine: [Apache Tomcat/9.0.31]
Initializing Spring embedded WebApplicationContext
Root WebApplicationContext: initialization completed in 6946 ms
HHH000204: Processing PersistenceUnitInfo [name: default]
HHH000412: Hibernate ORM core version 5.4.12.Final
HCANN000001: Hibernate Commons Annotations {5.1.0.Final}
{dataSource-1} inited
HHH000400: Using dialect: org.hibernate.dialect.MySQL8Dialect
HHH000490: Using JtaPlatform implementation: [org.hibernate.engine.transaction.jta.platform.internal.NoJtaPlatform]
Initialized JPA EntityManagerFactory for persistence unit 'default'
spring.jpa.open-in-view is enabled by default. Therefore, database queries may be performed during view rendering. Explicitly configure spring.jpa.open-in-view to disable this warning
Starting ProtocolHandler ["http-nio-8080"]
Tomcat started on port(s): 8080 (http) with context path '/ordering-system'
Started OrderingSystemApplication in 20.425 seconds (JVM running for 24.37)
从classpath: /D:/IDEAProject/ordering-system/target/classes/ 获取属性文件acp_sdk.properties
开始从属性文件中加载配置项
配置项：私钥签名证书路径==>acpsdk.signCert.path==>/certs/acp_test_sign.pfx 已加载
配置项：私钥签名证书密码==>acpsdk.signCert.pwd 已加载
配置项：私钥签名证书类型==>acpsdk.signCert.type==>PKCS12 已加载
配置项：敏感信息加密证书==>acpsdk.encryptCert.path==>D:/certs/acp_test_enc.cer 已加载
Initializing Spring DispatcherServlet 'dispatcherServlet'
Initializing Servlet 'dispatcherServlet'
Completed initialization in 13 ms
