Starting OrderingSystemApplication on DESKTOP-ER1O27V with PID 17828 (D:\IDEAProject\ordering-system\target\classes started by Dong in D:\IDEAProject\ordering-system)
No active profile set, falling back to default profiles: default
No MyBatis mapper was found in '[com.dongtian.orderingsystem]' package. Please check your configuration.
Multiple Spring Data modules found, entering strict repository configuration mode!
Bootstrapping Spring Data JPA repositories in DEFAULT mode.
Finished Spring Data repository scanning in 245ms. Found 7 JPA repository interfaces.
Multiple Spring Data modules found, entering strict repository configuration mode!
Bootstrapping Spring Data Redis repositories in DEFAULT mode.
Spring Data Redis - Could not safely identify store assignment for repository candidate interface com.dongtian.orderingsystem.dao.OrderDetailRepository. If you want this repository to be a Redis repository, consider annotating your entities with one of these annotations: org.springframework.data.redis.core.RedisHash (preferred), or consider extending one of the following types with your repository: org.springframework.data.keyvalue.repository.KeyValueRepository.
Spring Data Redis - Could not safely identify store assignment for repository candidate interface com.dongtian.orderingsystem.dao.OrderInfoRepository. If you want this repository to be a Redis repository, consider annotating your entities with one of these annotations: org.springframework.data.redis.core.RedisHash (preferred), or consider extending one of the following types with your repository: org.springframework.data.keyvalue.repository.KeyValueRepository.
Spring Data Redis - Could not safely identify store assignment for repository candidate interface com.dongtian.orderingsystem.dao.PaymentInfoRepository. If you want this repository to be a Redis repository, consider annotating your entities with one of these annotations: org.springframework.data.redis.core.RedisHash (preferred), or consider extending one of the following types with your repository: org.springframework.data.keyvalue.repository.KeyValueRepository.
Spring Data Redis - Could not safely identify store assignment for repository candidate interface com.dongtian.orderingsystem.dao.PaymentTypeRepository. If you want this repository to be a Redis repository, consider annotating your entities with one of these annotations: org.springframework.data.redis.core.RedisHash (preferred), or consider extending one of the following types with your repository: org.springframework.data.keyvalue.repository.KeyValueRepository.
Spring Data Redis - Could not safely identify store assignment for repository candidate interface com.dongtian.orderingsystem.dao.ProductCategoryRepository. If you want this repository to be a Redis repository, consider annotating your entities with one of these annotations: org.springframework.data.redis.core.RedisHash (preferred), or consider extending one of the following types with your repository: org.springframework.data.keyvalue.repository.KeyValueRepository.
Spring Data Redis - Could not safely identify store assignment for repository candidate interface com.dongtian.orderingsystem.dao.ProductInfoRepository. If you want this repository to be a Redis repository, consider annotating your entities with one of these annotations: org.springframework.data.redis.core.RedisHash (preferred), or consider extending one of the following types with your repository: org.springframework.data.keyvalue.repository.KeyValueRepository.
Spring Data Redis - Could not safely identify store assignment for repository candidate interface com.dongtian.orderingsystem.dao.UserRepository. If you want this repository to be a Redis repository, consider annotating your entities with one of these annotations: org.springframework.data.redis.core.RedisHash (preferred), or consider extending one of the following types with your repository: org.springframework.data.keyvalue.repository.KeyValueRepository.
Finished Spring Data repository scanning in 43ms. Found 0 Redis repository interfaces.
Tomcat initialized with port(s): 8080 (http)
Initializing ProtocolHandler ["http-nio-8080"]
Starting service [Tomcat]
Starting Servlet engine: [Apache Tomcat/9.0.31]
Initializing Spring embedded WebApplicationContext
Root WebApplicationContext: initialization completed in 8141 ms
HHH000204: Processing PersistenceUnitInfo [name: default]
HHH000412: Hibernate ORM core version 5.4.12.Final
HCANN000001: Hibernate Commons Annotations {5.1.0.Final}
{dataSource-1} inited
HHH000400: Using dialect: org.hibernate.dialect.MySQL8Dialect
Exception encountered during context initialization - cancelling refresh attempt: org.springframework.beans.factory.BeanCreationException: Error creating bean with name 'entityManagerFactory' defined in class path resource [org/springframework/boot/autoconfigure/orm/jpa/HibernateJpaConfiguration.class]: Invocation of init method failed; nested exception is javax.persistence.PersistenceException: [PersistenceUnit: default] Unable to build Hibernate SessionFactory; nested exception is org.hibernate.MappingException: Could not determine type for: java.util.List, at table: shops_info, for columns: [org.hibernate.mapping.Column(infos)]
{dataSource-1} closed
Stopping service [Tomcat]


Error starting ApplicationContext. To display the conditions report re-run your application with 'debug' enabled.
Starting OrderingSystemApplication on DESKTOP-ER1O27V with PID 22316 (D:\IDEAProject\ordering-system\target\classes started by Dong in D:\IDEAProject\ordering-system)
No active profile set, falling back to default profiles: default
No MyBatis mapper was found in '[com.dongtian.orderingsystem]' package. Please check your configuration.
Multiple Spring Data modules found, entering strict repository configuration mode!
Bootstrapping Spring Data JPA repositories in DEFAULT mode.
Finished Spring Data repository scanning in 268ms. Found 7 JPA repository interfaces.
Multiple Spring Data modules found, entering strict repository configuration mode!
Bootstrapping Spring Data Redis repositories in DEFAULT mode.
Spring Data Redis - Could not safely identify store assignment for repository candidate interface com.dongtian.orderingsystem.dao.OrderDetailRepository. If you want this repository to be a Redis repository, consider annotating your entities with one of these annotations: org.springframework.data.redis.core.RedisHash (preferred), or consider extending one of the following types with your repository: org.springframework.data.keyvalue.repository.KeyValueRepository.
Spring Data Redis - Could not safely identify store assignment for repository candidate interface com.dongtian.orderingsystem.dao.OrderInfoRepository. If you want this repository to be a Redis repository, consider annotating your entities with one of these annotations: org.springframework.data.redis.core.RedisHash (preferred), or consider extending one of the following types with your repository: org.springframework.data.keyvalue.repository.KeyValueRepository.
Spring Data Redis - Could not safely identify store assignment for repository candidate interface com.dongtian.orderingsystem.dao.PaymentInfoRepository. If you want this repository to be a Redis repository, consider annotating your entities with one of these annotations: org.springframework.data.redis.core.RedisHash (preferred), or consider extending one of the following types with your repository: org.springframework.data.keyvalue.repository.KeyValueRepository.
Spring Data Redis - Could not safely identify store assignment for repository candidate interface com.dongtian.orderingsystem.dao.PaymentTypeRepository. If you want this repository to be a Redis repository, consider annotating your entities with one of these annotations: org.springframework.data.redis.core.RedisHash (preferred), or consider extending one of the following types with your repository: org.springframework.data.keyvalue.repository.KeyValueRepository.
Spring Data Redis - Could not safely identify store assignment for repository candidate interface com.dongtian.orderingsystem.dao.ProductCategoryRepository. If you want this repository to be a Redis repository, consider annotating your entities with one of these annotations: org.springframework.data.redis.core.RedisHash (preferred), or consider extending one of the following types with your repository: org.springframework.data.keyvalue.repository.KeyValueRepository.
Spring Data Redis - Could not safely identify store assignment for repository candidate interface com.dongtian.orderingsystem.dao.ProductInfoRepository. If you want this repository to be a Redis repository, consider annotating your entities with one of these annotations: org.springframework.data.redis.core.RedisHash (preferred), or consider extending one of the following types with your repository: org.springframework.data.keyvalue.repository.KeyValueRepository.
Spring Data Redis - Could not safely identify store assignment for repository candidate interface com.dongtian.orderingsystem.dao.UserRepository. If you want this repository to be a Redis repository, consider annotating your entities with one of these annotations: org.springframework.data.redis.core.RedisHash (preferred), or consider extending one of the following types with your repository: org.springframework.data.keyvalue.repository.KeyValueRepository.
Finished Spring Data repository scanning in 46ms. Found 0 Redis repository interfaces.
Tomcat initialized with port(s): 8080 (http)
Initializing ProtocolHandler ["http-nio-8080"]
Starting service [Tomcat]
Starting Servlet engine: [Apache Tomcat/9.0.31]
Initializing Spring embedded WebApplicationContext
Root WebApplicationContext: initialization completed in 11083 ms
HHH000204: Processing PersistenceUnitInfo [name: default]
HHH000412: Hibernate ORM core version 5.4.12.Final
HCANN000001: Hibernate Commons Annotations {5.1.0.Final}
{dataSource-1} inited
HHH000400: Using dialect: org.hibernate.dialect.MySQL8Dialect
HHH000490: Using JtaPlatform implementation: [org.hibernate.engine.transaction.jta.platform.internal.NoJtaPlatform]
Initialized JPA EntityManagerFactory for persistence unit 'default'
spring.jpa.open-in-view is enabled by default. Therefore, database queries may be performed during view rendering. Explicitly configure spring.jpa.open-in-view to disable this warning
Starting ProtocolHandler ["http-nio-8080"]
Tomcat started on port(s): 8080 (http) with context path '/ordering-system'
Started OrderingSystemApplication in 29.574 seconds (JVM running for 33.264)
从classpath: /D:/IDEAProject/ordering-system/target/classes/ 获取属性文件acp_sdk.properties
开始从属性文件中加载配置项
配置项：私钥签名证书路径==>acpsdk.signCert.path==>/certs/acp_test_sign.pfx 已加载
配置项：私钥签名证书密码==>acpsdk.signCert.pwd 已加载
配置项：私钥签名证书类型==>acpsdk.signCert.type==>PKCS12 已加载
配置项：敏感信息加密证书==>acpsdk.encryptCert.path==>D:/certs/acp_test_enc.cer 已加载
Starting OrderingSystemApplication on DESKTOP-ER1O27V with PID 35408 (D:\IDEAProject\ordering-system\target\classes started by Dong in D:\IDEAProject\ordering-system)
No active profile set, falling back to default profiles: default
No MyBatis mapper was found in '[com.dongtian.orderingsystem]' package. Please check your configuration.
Multiple Spring Data modules found, entering strict repository configuration mode!
Bootstrapping Spring Data JPA repositories in DEFAULT mode.
Finished Spring Data repository scanning in 255ms. Found 9 JPA repository interfaces.
Multiple Spring Data modules found, entering strict repository configuration mode!
Bootstrapping Spring Data Redis repositories in DEFAULT mode.
Spring Data Redis - Could not safely identify store assignment for repository candidate interface com.dongtian.orderingsystem.dao.OrderDetailRepository. If you want this repository to be a Redis repository, consider annotating your entities with one of these annotations: org.springframework.data.redis.core.RedisHash (preferred), or consider extending one of the following types with your repository: org.springframework.data.keyvalue.repository.KeyValueRepository.
Spring Data Redis - Could not safely identify store assignment for repository candidate interface com.dongtian.orderingsystem.dao.OrderInfoRepository. If you want this repository to be a Redis repository, consider annotating your entities with one of these annotations: org.springframework.data.redis.core.RedisHash (preferred), or consider extending one of the following types with your repository: org.springframework.data.keyvalue.repository.KeyValueRepository.
Spring Data Redis - Could not safely identify store assignment for repository candidate interface com.dongtian.orderingsystem.dao.PaymentInfoRepository. If you want this repository to be a Redis repository, consider annotating your entities with one of these annotations: org.springframework.data.redis.core.RedisHash (preferred), or consider extending one of the following types with your repository: org.springframework.data.keyvalue.repository.KeyValueRepository.
Spring Data Redis - Could not safely identify store assignment for repository candidate interface com.dongtian.orderingsystem.dao.PaymentTypeRepository. If you want this repository to be a Redis repository, consider annotating your entities with one of these annotations: org.springframework.data.redis.core.RedisHash (preferred), or consider extending one of the following types with your repository: org.springframework.data.keyvalue.repository.KeyValueRepository.
Spring Data Redis - Could not safely identify store assignment for repository candidate interface com.dongtian.orderingsystem.dao.ProductCategoryRepository. If you want this repository to be a Redis repository, consider annotating your entities with one of these annotations: org.springframework.data.redis.core.RedisHash (preferred), or consider extending one of the following types with your repository: org.springframework.data.keyvalue.repository.KeyValueRepository.
Spring Data Redis - Could not safely identify store assignment for repository candidate interface com.dongtian.orderingsystem.dao.ProductInfoRepository. If you want this repository to be a Redis repository, consider annotating your entities with one of these annotations: org.springframework.data.redis.core.RedisHash (preferred), or consider extending one of the following types with your repository: org.springframework.data.keyvalue.repository.KeyValueRepository.
Spring Data Redis - Could not safely identify store assignment for repository candidate interface com.dongtian.orderingsystem.dao.ShopsRepository. If you want this repository to be a Redis repository, consider annotating your entities with one of these annotations: org.springframework.data.redis.core.RedisHash (preferred), or consider extending one of the following types with your repository: org.springframework.data.keyvalue.repository.KeyValueRepository.
Spring Data Redis - Could not safely identify store assignment for repository candidate interface com.dongtian.orderingsystem.dao.SupportsRepository. If you want this repository to be a Redis repository, consider annotating your entities with one of these annotations: org.springframework.data.redis.core.RedisHash (preferred), or consider extending one of the following types with your repository: org.springframework.data.keyvalue.repository.KeyValueRepository.
Spring Data Redis - Could not safely identify store assignment for repository candidate interface com.dongtian.orderingsystem.dao.UserRepository. If you want this repository to be a Redis repository, consider annotating your entities with one of these annotations: org.springframework.data.redis.core.RedisHash (preferred), or consider extending one of the following types with your repository: org.springframework.data.keyvalue.repository.KeyValueRepository.
Finished Spring Data repository scanning in 42ms. Found 0 Redis repository interfaces.
Tomcat initialized with port(s): 8080 (http)
Initializing ProtocolHandler ["http-nio-8080"]
Starting service [Tomcat]
Starting Servlet engine: [Apache Tomcat/9.0.31]
Initializing Spring embedded WebApplicationContext
Root WebApplicationContext: initialization completed in 5843 ms
HHH000204: Processing PersistenceUnitInfo [name: default]
HHH000412: Hibernate ORM core version 5.4.12.Final
HCANN000001: Hibernate Commons Annotations {5.1.0.Final}
{dataSource-1} inited
HHH000400: Using dialect: org.hibernate.dialect.MySQL8Dialect
HHH000490: Using JtaPlatform implementation: [org.hibernate.engine.transaction.jta.platform.internal.NoJtaPlatform]
Initialized JPA EntityManagerFactory for persistence unit 'default'
Exception encountered during context initialization - cancelling refresh attempt: org.springframework.beans.factory.BeanCreationException: Error creating bean with name 'requestMappingHandlerMapping' defined in class path resource [com/dongtian/orderingsystem/config/WebMvcConfig.class]: Invocation of init method failed; nested exception is java.lang.IllegalStateException: Ambiguous mapping. Cannot map 'manageSupportsController' method 
com.dongtian.orderingsystem.controller.ManageSupportsController#index(Integer, Map)
to {GET /manage/supports/index}: There is already 'manageShopsController' bean method
com.dongtian.orderingsystem.controller.ManageShopsController#index(Integer, Map) mapped.
Closing JPA EntityManagerFactory for persistence unit 'default'
{dataSource-1} closed
Stopping service [Tomcat]


Error starting ApplicationContext. To display the conditions report re-run your application with 'debug' enabled.
Starting OrderingSystemApplication on DESKTOP-ER1O27V with PID 34624 (D:\IDEAProject\ordering-system\target\classes started by Dong in D:\IDEAProject\ordering-system)
No active profile set, falling back to default profiles: default
No MyBatis mapper was found in '[com.dongtian.orderingsystem]' package. Please check your configuration.
Multiple Spring Data modules found, entering strict repository configuration mode!
Bootstrapping Spring Data JPA repositories in DEFAULT mode.
Finished Spring Data repository scanning in 190ms. Found 9 JPA repository interfaces.
Multiple Spring Data modules found, entering strict repository configuration mode!
Bootstrapping Spring Data Redis repositories in DEFAULT mode.
Spring Data Redis - Could not safely identify store assignment for repository candidate interface com.dongtian.orderingsystem.dao.OrderDetailRepository. If you want this repository to be a Redis repository, consider annotating your entities with one of these annotations: org.springframework.data.redis.core.RedisHash (preferred), or consider extending one of the following types with your repository: org.springframework.data.keyvalue.repository.KeyValueRepository.
Spring Data Redis - Could not safely identify store assignment for repository candidate interface com.dongtian.orderingsystem.dao.OrderInfoRepository. If you want this repository to be a Redis repository, consider annotating your entities with one of these annotations: org.springframework.data.redis.core.RedisHash (preferred), or consider extending one of the following types with your repository: org.springframework.data.keyvalue.repository.KeyValueRepository.
Spring Data Redis - Could not safely identify store assignment for repository candidate interface com.dongtian.orderingsystem.dao.PaymentInfoRepository. If you want this repository to be a Redis repository, consider annotating your entities with one of these annotations: org.springframework.data.redis.core.RedisHash (preferred), or consider extending one of the following types with your repository: org.springframework.data.keyvalue.repository.KeyValueRepository.
Spring Data Redis - Could not safely identify store assignment for repository candidate interface com.dongtian.orderingsystem.dao.PaymentTypeRepository. If you want this repository to be a Redis repository, consider annotating your entities with one of these annotations: org.springframework.data.redis.core.RedisHash (preferred), or consider extending one of the following types with your repository: org.springframework.data.keyvalue.repository.KeyValueRepository.
Spring Data Redis - Could not safely identify store assignment for repository candidate interface com.dongtian.orderingsystem.dao.ProductCategoryRepository. If you want this repository to be a Redis repository, consider annotating your entities with one of these annotations: org.springframework.data.redis.core.RedisHash (preferred), or consider extending one of the following types with your repository: org.springframework.data.keyvalue.repository.KeyValueRepository.
Spring Data Redis - Could not safely identify store assignment for repository candidate interface com.dongtian.orderingsystem.dao.ProductInfoRepository. If you want this repository to be a Redis repository, consider annotating your entities with one of these annotations: org.springframework.data.redis.core.RedisHash (preferred), or consider extending one of the following types with your repository: org.springframework.data.keyvalue.repository.KeyValueRepository.
Spring Data Redis - Could not safely identify store assignment for repository candidate interface com.dongtian.orderingsystem.dao.ShopsRepository. If you want this repository to be a Redis repository, consider annotating your entities with one of these annotations: org.springframework.data.redis.core.RedisHash (preferred), or consider extending one of the following types with your repository: org.springframework.data.keyvalue.repository.KeyValueRepository.
Spring Data Redis - Could not safely identify store assignment for repository candidate interface com.dongtian.orderingsystem.dao.SupportsRepository. If you want this repository to be a Redis repository, consider annotating your entities with one of these annotations: org.springframework.data.redis.core.RedisHash (preferred), or consider extending one of the following types with your repository: org.springframework.data.keyvalue.repository.KeyValueRepository.
Spring Data Redis - Could not safely identify store assignment for repository candidate interface com.dongtian.orderingsystem.dao.UserRepository. If you want this repository to be a Redis repository, consider annotating your entities with one of these annotations: org.springframework.data.redis.core.RedisHash (preferred), or consider extending one of the following types with your repository: org.springframework.data.keyvalue.repository.KeyValueRepository.
Finished Spring Data repository scanning in 44ms. Found 0 Redis repository interfaces.
Tomcat initialized with port(s): 8080 (http)
Initializing ProtocolHandler ["http-nio-8080"]
Starting service [Tomcat]
Starting Servlet engine: [Apache Tomcat/9.0.31]
Initializing Spring embedded WebApplicationContext
Root WebApplicationContext: initialization completed in 2773 ms
HHH000204: Processing PersistenceUnitInfo [name: default]
HHH000412: Hibernate ORM core version 5.4.12.Final
HCANN000001: Hibernate Commons Annotations {5.1.0.Final}
{dataSource-1} inited
HHH000400: Using dialect: org.hibernate.dialect.MySQL8Dialect
HHH000490: Using JtaPlatform implementation: [org.hibernate.engine.transaction.jta.platform.internal.NoJtaPlatform]
Initialized JPA EntityManagerFactory for persistence unit 'default'
Exception encountered during context initialization - cancelling refresh attempt: org.springframework.beans.factory.BeanCreationException: Error creating bean with name 'requestMappingHandlerMapping' defined in class path resource [com/dongtian/orderingsystem/config/WebMvcConfig.class]: Invocation of init method failed; nested exception is java.lang.IllegalStateException: Ambiguous mapping. Cannot map 'manageSupportsController' method 
com.dongtian.orderingsystem.controller.ManageSupportsController#add(Support, BindingResult, Map)
to {POST /manage/supports/save}: There is already 'manageShopsController' bean method
com.dongtian.orderingsystem.controller.ManageShopsController#add(ShopsInfo, BindingResult, Map) mapped.
Closing JPA EntityManagerFactory for persistence unit 'default'
{dataSource-1} closed
Stopping service [Tomcat]


Error starting ApplicationContext. To display the conditions report re-run your application with 'debug' enabled.
Starting OrderingSystemApplication on DESKTOP-ER1O27V with PID 33472 (D:\IDEAProject\ordering-system\target\classes started by Dong in D:\IDEAProject\ordering-system)
No active profile set, falling back to default profiles: default
No MyBatis mapper was found in '[com.dongtian.orderingsystem]' package. Please check your configuration.
Multiple Spring Data modules found, entering strict repository configuration mode!
Bootstrapping Spring Data JPA repositories in DEFAULT mode.
Finished Spring Data repository scanning in 243ms. Found 9 JPA repository interfaces.
Multiple Spring Data modules found, entering strict repository configuration mode!
Bootstrapping Spring Data Redis repositories in DEFAULT mode.
Spring Data Redis - Could not safely identify store assignment for repository candidate interface com.dongtian.orderingsystem.dao.OrderDetailRepository. If you want this repository to be a Redis repository, consider annotating your entities with one of these annotations: org.springframework.data.redis.core.RedisHash (preferred), or consider extending one of the following types with your repository: org.springframework.data.keyvalue.repository.KeyValueRepository.
Spring Data Redis - Could not safely identify store assignment for repository candidate interface com.dongtian.orderingsystem.dao.OrderInfoRepository. If you want this repository to be a Redis repository, consider annotating your entities with one of these annotations: org.springframework.data.redis.core.RedisHash (preferred), or consider extending one of the following types with your repository: org.springframework.data.keyvalue.repository.KeyValueRepository.
Spring Data Redis - Could not safely identify store assignment for repository candidate interface com.dongtian.orderingsystem.dao.PaymentInfoRepository. If you want this repository to be a Redis repository, consider annotating your entities with one of these annotations: org.springframework.data.redis.core.RedisHash (preferred), or consider extending one of the following types with your repository: org.springframework.data.keyvalue.repository.KeyValueRepository.
Spring Data Redis - Could not safely identify store assignment for repository candidate interface com.dongtian.orderingsystem.dao.PaymentTypeRepository. If you want this repository to be a Redis repository, consider annotating your entities with one of these annotations: org.springframework.data.redis.core.RedisHash (preferred), or consider extending one of the following types with your repository: org.springframework.data.keyvalue.repository.KeyValueRepository.
Spring Data Redis - Could not safely identify store assignment for repository candidate interface com.dongtian.orderingsystem.dao.ProductCategoryRepository. If you want this repository to be a Redis repository, consider annotating your entities with one of these annotations: org.springframework.data.redis.core.RedisHash (preferred), or consider extending one of the following types with your repository: org.springframework.data.keyvalue.repository.KeyValueRepository.
Spring Data Redis - Could not safely identify store assignment for repository candidate interface com.dongtian.orderingsystem.dao.ProductInfoRepository. If you want this repository to be a Redis repository, consider annotating your entities with one of these annotations: org.springframework.data.redis.core.RedisHash (preferred), or consider extending one of the following types with your repository: org.springframework.data.keyvalue.repository.KeyValueRepository.
Spring Data Redis - Could not safely identify store assignment for repository candidate interface com.dongtian.orderingsystem.dao.ShopsRepository. If you want this repository to be a Redis repository, consider annotating your entities with one of these annotations: org.springframework.data.redis.core.RedisHash (preferred), or consider extending one of the following types with your repository: org.springframework.data.keyvalue.repository.KeyValueRepository.
Spring Data Redis - Could not safely identify store assignment for repository candidate interface com.dongtian.orderingsystem.dao.SupportsRepository. If you want this repository to be a Redis repository, consider annotating your entities with one of these annotations: org.springframework.data.redis.core.RedisHash (preferred), or consider extending one of the following types with your repository: org.springframework.data.keyvalue.repository.KeyValueRepository.
Spring Data Redis - Could not safely identify store assignment for repository candidate interface com.dongtian.orderingsystem.dao.UserRepository. If you want this repository to be a Redis repository, consider annotating your entities with one of these annotations: org.springframework.data.redis.core.RedisHash (preferred), or consider extending one of the following types with your repository: org.springframework.data.keyvalue.repository.KeyValueRepository.
Finished Spring Data repository scanning in 53ms. Found 0 Redis repository interfaces.
Tomcat initialized with port(s): 8080 (http)
Initializing ProtocolHandler ["http-nio-8080"]
Starting service [Tomcat]
Starting Servlet engine: [Apache Tomcat/9.0.31]
Initializing Spring embedded WebApplicationContext
Root WebApplicationContext: initialization completed in 2908 ms
HHH000204: Processing PersistenceUnitInfo [name: default]
HHH000412: Hibernate ORM core version 5.4.12.Final
HCANN000001: Hibernate Commons Annotations {5.1.0.Final}
{dataSource-1} inited
HHH000400: Using dialect: org.hibernate.dialect.MySQL8Dialect
HHH000490: Using JtaPlatform implementation: [org.hibernate.engine.transaction.jta.platform.internal.NoJtaPlatform]
Initialized JPA EntityManagerFactory for persistence unit 'default'
Exception encountered during context initialization - cancelling refresh attempt: org.springframework.beans.factory.BeanCreationException: Error creating bean with name 'requestMappingHandlerMapping' defined in class path resource [com/dongtian/orderingsystem/config/WebMvcConfig.class]: Invocation of init method failed; nested exception is java.lang.IllegalStateException: Ambiguous mapping. Cannot map 'manageSupportsController' method 
com.dongtian.orderingsystem.controller.ManageSupportsController#save(Support, BindingResult, Map)
to {POST /manage/supports/save}: There is already 'manageShopsController' bean method
com.dongtian.orderingsystem.controller.ManageShopsController#add(ShopsInfo, BindingResult, Map) mapped.
Closing JPA EntityManagerFactory for persistence unit 'default'
{dataSource-1} closed
Stopping service [Tomcat]


Error starting ApplicationContext. To display the conditions report re-run your application with 'debug' enabled.
Starting OrderingSystemApplication on DESKTOP-ER1O27V with PID 30424 (D:\IDEAProject\ordering-system\target\classes started by Dong in D:\IDEAProject\ordering-system)
No active profile set, falling back to default profiles: default
No MyBatis mapper was found in '[com.dongtian.orderingsystem]' package. Please check your configuration.
Multiple Spring Data modules found, entering strict repository configuration mode!
Bootstrapping Spring Data JPA repositories in DEFAULT mode.
Finished Spring Data repository scanning in 242ms. Found 9 JPA repository interfaces.
Multiple Spring Data modules found, entering strict repository configuration mode!
Bootstrapping Spring Data Redis repositories in DEFAULT mode.
Spring Data Redis - Could not safely identify store assignment for repository candidate interface com.dongtian.orderingsystem.dao.OrderDetailRepository. If you want this repository to be a Redis repository, consider annotating your entities with one of these annotations: org.springframework.data.redis.core.RedisHash (preferred), or consider extending one of the following types with your repository: org.springframework.data.keyvalue.repository.KeyValueRepository.
Spring Data Redis - Could not safely identify store assignment for repository candidate interface com.dongtian.orderingsystem.dao.OrderInfoRepository. If you want this repository to be a Redis repository, consider annotating your entities with one of these annotations: org.springframework.data.redis.core.RedisHash (preferred), or consider extending one of the following types with your repository: org.springframework.data.keyvalue.repository.KeyValueRepository.
Spring Data Redis - Could not safely identify store assignment for repository candidate interface com.dongtian.orderingsystem.dao.PaymentInfoRepository. If you want this repository to be a Redis repository, consider annotating your entities with one of these annotations: org.springframework.data.redis.core.RedisHash (preferred), or consider extending one of the following types with your repository: org.springframework.data.keyvalue.repository.KeyValueRepository.
Spring Data Redis - Could not safely identify store assignment for repository candidate interface com.dongtian.orderingsystem.dao.PaymentTypeRepository. If you want this repository to be a Redis repository, consider annotating your entities with one of these annotations: org.springframework.data.redis.core.RedisHash (preferred), or consider extending one of the following types with your repository: org.springframework.data.keyvalue.repository.KeyValueRepository.
Spring Data Redis - Could not safely identify store assignment for repository candidate interface com.dongtian.orderingsystem.dao.ProductCategoryRepository. If you want this repository to be a Redis repository, consider annotating your entities with one of these annotations: org.springframework.data.redis.core.RedisHash (preferred), or consider extending one of the following types with your repository: org.springframework.data.keyvalue.repository.KeyValueRepository.
Spring Data Redis - Could not safely identify store assignment for repository candidate interface com.dongtian.orderingsystem.dao.ProductInfoRepository. If you want this repository to be a Redis repository, consider annotating your entities with one of these annotations: org.springframework.data.redis.core.RedisHash (preferred), or consider extending one of the following types with your repository: org.springframework.data.keyvalue.repository.KeyValueRepository.
Spring Data Redis - Could not safely identify store assignment for repository candidate interface com.dongtian.orderingsystem.dao.ShopsRepository. If you want this repository to be a Redis repository, consider annotating your entities with one of these annotations: org.springframework.data.redis.core.RedisHash (preferred), or consider extending one of the following types with your repository: org.springframework.data.keyvalue.repository.KeyValueRepository.
Spring Data Redis - Could not safely identify store assignment for repository candidate interface com.dongtian.orderingsystem.dao.SupportsRepository. If you want this repository to be a Redis repository, consider annotating your entities with one of these annotations: org.springframework.data.redis.core.RedisHash (preferred), or consider extending one of the following types with your repository: org.springframework.data.keyvalue.repository.KeyValueRepository.
Spring Data Redis - Could not safely identify store assignment for repository candidate interface com.dongtian.orderingsystem.dao.UserRepository. If you want this repository to be a Redis repository, consider annotating your entities with one of these annotations: org.springframework.data.redis.core.RedisHash (preferred), or consider extending one of the following types with your repository: org.springframework.data.keyvalue.repository.KeyValueRepository.
Finished Spring Data repository scanning in 70ms. Found 0 Redis repository interfaces.
Tomcat initialized with port(s): 8080 (http)
Initializing ProtocolHandler ["http-nio-8080"]
Starting service [Tomcat]
Starting Servlet engine: [Apache Tomcat/9.0.31]
Initializing Spring embedded WebApplicationContext
Root WebApplicationContext: initialization completed in 3948 ms
HHH000204: Processing PersistenceUnitInfo [name: default]
HHH000412: Hibernate ORM core version 5.4.12.Final
HCANN000001: Hibernate Commons Annotations {5.1.0.Final}
{dataSource-1} inited
HHH000400: Using dialect: org.hibernate.dialect.MySQL8Dialect
HHH000490: Using JtaPlatform implementation: [org.hibernate.engine.transaction.jta.platform.internal.NoJtaPlatform]
Initialized JPA EntityManagerFactory for persistence unit 'default'
spring.jpa.open-in-view is enabled by default. Therefore, database queries may be performed during view rendering. Explicitly configure spring.jpa.open-in-view to disable this warning
Starting ProtocolHandler ["http-nio-8080"]
Tomcat started on port(s): 8080 (http) with context path '/ordering-system'
Started OrderingSystemApplication in 14.451 seconds (JVM running for 18.071)
从classpath: /D:/IDEAProject/ordering-system/target/classes/ 获取属性文件acp_sdk.properties
开始从属性文件中加载配置项
配置项：私钥签名证书路径==>acpsdk.signCert.path==>/certs/acp_test_sign.pfx 已加载
配置项：私钥签名证书密码==>acpsdk.signCert.pwd 已加载
配置项：私钥签名证书类型==>acpsdk.signCert.type==>PKCS12 已加载
配置项：敏感信息加密证书==>acpsdk.encryptCert.path==>D:/certs/acp_test_enc.cer 已加载
Initializing Spring DispatcherServlet 'dispatcherServlet'
Initializing Servlet 'dispatcherServlet'
Completed initialization in 102 ms
【登录校验】Cookie中查不到token
No mapping for GET /ordering-system/index
Starting OrderingSystemApplication on DESKTOP-ER1O27V with PID 36728 (D:\IDEAProject\ordering-system\target\classes started by Dong in D:\IDEAProject\ordering-system)
No active profile set, falling back to default profiles: default
No MyBatis mapper was found in '[com.dongtian.orderingsystem]' package. Please check your configuration.
Multiple Spring Data modules found, entering strict repository configuration mode!
Bootstrapping Spring Data JPA repositories in DEFAULT mode.
Finished Spring Data repository scanning in 173ms. Found 9 JPA repository interfaces.
Multiple Spring Data modules found, entering strict repository configuration mode!
Bootstrapping Spring Data Redis repositories in DEFAULT mode.
Spring Data Redis - Could not safely identify store assignment for repository candidate interface com.dongtian.orderingsystem.dao.OrderDetailRepository. If you want this repository to be a Redis repository, consider annotating your entities with one of these annotations: org.springframework.data.redis.core.RedisHash (preferred), or consider extending one of the following types with your repository: org.springframework.data.keyvalue.repository.KeyValueRepository.
Spring Data Redis - Could not safely identify store assignment for repository candidate interface com.dongtian.orderingsystem.dao.OrderInfoRepository. If you want this repository to be a Redis repository, consider annotating your entities with one of these annotations: org.springframework.data.redis.core.RedisHash (preferred), or consider extending one of the following types with your repository: org.springframework.data.keyvalue.repository.KeyValueRepository.
Spring Data Redis - Could not safely identify store assignment for repository candidate interface com.dongtian.orderingsystem.dao.PaymentInfoRepository. If you want this repository to be a Redis repository, consider annotating your entities with one of these annotations: org.springframework.data.redis.core.RedisHash (preferred), or consider extending one of the following types with your repository: org.springframework.data.keyvalue.repository.KeyValueRepository.
Spring Data Redis - Could not safely identify store assignment for repository candidate interface com.dongtian.orderingsystem.dao.PaymentTypeRepository. If you want this repository to be a Redis repository, consider annotating your entities with one of these annotations: org.springframework.data.redis.core.RedisHash (preferred), or consider extending one of the following types with your repository: org.springframework.data.keyvalue.repository.KeyValueRepository.
Spring Data Redis - Could not safely identify store assignment for repository candidate interface com.dongtian.orderingsystem.dao.ProductCategoryRepository. If you want this repository to be a Redis repository, consider annotating your entities with one of these annotations: org.springframework.data.redis.core.RedisHash (preferred), or consider extending one of the following types with your repository: org.springframework.data.keyvalue.repository.KeyValueRepository.
Spring Data Redis - Could not safely identify store assignment for repository candidate interface com.dongtian.orderingsystem.dao.ProductInfoRepository. If you want this repository to be a Redis repository, consider annotating your entities with one of these annotations: org.springframework.data.redis.core.RedisHash (preferred), or consider extending one of the following types with your repository: org.springframework.data.keyvalue.repository.KeyValueRepository.
Spring Data Redis - Could not safely identify store assignment for repository candidate interface com.dongtian.orderingsystem.dao.ShopsRepository. If you want this repository to be a Redis repository, consider annotating your entities with one of these annotations: org.springframework.data.redis.core.RedisHash (preferred), or consider extending one of the following types with your repository: org.springframework.data.keyvalue.repository.KeyValueRepository.
Spring Data Redis - Could not safely identify store assignment for repository candidate interface com.dongtian.orderingsystem.dao.SupportsRepository. If you want this repository to be a Redis repository, consider annotating your entities with one of these annotations: org.springframework.data.redis.core.RedisHash (preferred), or consider extending one of the following types with your repository: org.springframework.data.keyvalue.repository.KeyValueRepository.
Spring Data Redis - Could not safely identify store assignment for repository candidate interface com.dongtian.orderingsystem.dao.UserRepository. If you want this repository to be a Redis repository, consider annotating your entities with one of these annotations: org.springframework.data.redis.core.RedisHash (preferred), or consider extending one of the following types with your repository: org.springframework.data.keyvalue.repository.KeyValueRepository.
Finished Spring Data repository scanning in 46ms. Found 0 Redis repository interfaces.
Tomcat initialized with port(s): 8080 (http)
Initializing ProtocolHandler ["http-nio-8080"]
Starting service [Tomcat]
Starting Servlet engine: [Apache Tomcat/9.0.31]
Initializing Spring embedded WebApplicationContext
Root WebApplicationContext: initialization completed in 2724 ms
HHH000204: Processing PersistenceUnitInfo [name: default]
HHH000412: Hibernate ORM core version 5.4.12.Final
HCANN000001: Hibernate Commons Annotations {5.1.0.Final}
{dataSource-1} inited
HHH000400: Using dialect: org.hibernate.dialect.MySQL8Dialect
HHH000490: Using JtaPlatform implementation: [org.hibernate.engine.transaction.jta.platform.internal.NoJtaPlatform]
Initialized JPA EntityManagerFactory for persistence unit 'default'
spring.jpa.open-in-view is enabled by default. Therefore, database queries may be performed during view rendering. Explicitly configure spring.jpa.open-in-view to disable this warning
Starting ProtocolHandler ["http-nio-8080"]
Tomcat started on port(s): 8080 (http) with context path '/ordering-system'
Started OrderingSystemApplication in 11.638 seconds (JVM running for 14.664)
从classpath: /D:/IDEAProject/ordering-system/target/classes/ 获取属性文件acp_sdk.properties
开始从属性文件中加载配置项
配置项：私钥签名证书路径==>acpsdk.signCert.path==>/certs/acp_test_sign.pfx 已加载
配置项：私钥签名证书密码==>acpsdk.signCert.pwd 已加载
配置项：私钥签名证书类型==>acpsdk.signCert.type==>PKCS12 已加载
配置项：敏感信息加密证书==>acpsdk.encryptCert.path==>D:/certs/acp_test_enc.cer 已加载
Initializing Spring DispatcherServlet 'dispatcherServlet'
Initializing Servlet 'dispatcherServlet'
Completed initialization in 10 ms
【登录校验】Cookie中查不到token
Starting OrderingSystemApplication on DESKTOP-ER1O27V with PID 31204 (D:\IDEAProject\ordering-system\target\classes started by Dong in D:\IDEAProject\ordering-system)
No active profile set, falling back to default profiles: default
No MyBatis mapper was found in '[com.dongtian.orderingsystem]' package. Please check your configuration.
Multiple Spring Data modules found, entering strict repository configuration mode!
Bootstrapping Spring Data JPA repositories in DEFAULT mode.
Finished Spring Data repository scanning in 359ms. Found 9 JPA repository interfaces.
Multiple Spring Data modules found, entering strict repository configuration mode!
Bootstrapping Spring Data Redis repositories in DEFAULT mode.
Spring Data Redis - Could not safely identify store assignment for repository candidate interface com.dongtian.orderingsystem.dao.OrderDetailRepository. If you want this repository to be a Redis repository, consider annotating your entities with one of these annotations: org.springframework.data.redis.core.RedisHash (preferred), or consider extending one of the following types with your repository: org.springframework.data.keyvalue.repository.KeyValueRepository.
Spring Data Redis - Could not safely identify store assignment for repository candidate interface com.dongtian.orderingsystem.dao.OrderInfoRepository. If you want this repository to be a Redis repository, consider annotating your entities with one of these annotations: org.springframework.data.redis.core.RedisHash (preferred), or consider extending one of the following types with your repository: org.springframework.data.keyvalue.repository.KeyValueRepository.
Spring Data Redis - Could not safely identify store assignment for repository candidate interface com.dongtian.orderingsystem.dao.PaymentInfoRepository. If you want this repository to be a Redis repository, consider annotating your entities with one of these annotations: org.springframework.data.redis.core.RedisHash (preferred), or consider extending one of the following types with your repository: org.springframework.data.keyvalue.repository.KeyValueRepository.
Spring Data Redis - Could not safely identify store assignment for repository candidate interface com.dongtian.orderingsystem.dao.PaymentTypeRepository. If you want this repository to be a Redis repository, consider annotating your entities with one of these annotations: org.springframework.data.redis.core.RedisHash (preferred), or consider extending one of the following types with your repository: org.springframework.data.keyvalue.repository.KeyValueRepository.
Spring Data Redis - Could not safely identify store assignment for repository candidate interface com.dongtian.orderingsystem.dao.ProductCategoryRepository. If you want this repository to be a Redis repository, consider annotating your entities with one of these annotations: org.springframework.data.redis.core.RedisHash (preferred), or consider extending one of the following types with your repository: org.springframework.data.keyvalue.repository.KeyValueRepository.
Spring Data Redis - Could not safely identify store assignment for repository candidate interface com.dongtian.orderingsystem.dao.ProductInfoRepository. If you want this repository to be a Redis repository, consider annotating your entities with one of these annotations: org.springframework.data.redis.core.RedisHash (preferred), or consider extending one of the following types with your repository: org.springframework.data.keyvalue.repository.KeyValueRepository.
Spring Data Redis - Could not safely identify store assignment for repository candidate interface com.dongtian.orderingsystem.dao.ShopsRepository. If you want this repository to be a Redis repository, consider annotating your entities with one of these annotations: org.springframework.data.redis.core.RedisHash (preferred), or consider extending one of the following types with your repository: org.springframework.data.keyvalue.repository.KeyValueRepository.
Spring Data Redis - Could not safely identify store assignment for repository candidate interface com.dongtian.orderingsystem.dao.SupportsRepository. If you want this repository to be a Redis repository, consider annotating your entities with one of these annotations: org.springframework.data.redis.core.RedisHash (preferred), or consider extending one of the following types with your repository: org.springframework.data.keyvalue.repository.KeyValueRepository.
Spring Data Redis - Could not safely identify store assignment for repository candidate interface com.dongtian.orderingsystem.dao.UserRepository. If you want this repository to be a Redis repository, consider annotating your entities with one of these annotations: org.springframework.data.redis.core.RedisHash (preferred), or consider extending one of the following types with your repository: org.springframework.data.keyvalue.repository.KeyValueRepository.
Finished Spring Data repository scanning in 59ms. Found 0 Redis repository interfaces.
Tomcat initialized with port(s): 8080 (http)
Initializing ProtocolHandler ["http-nio-8080"]
Starting service [Tomcat]
Starting Servlet engine: [Apache Tomcat/9.0.31]
Initializing Spring embedded WebApplicationContext
Root WebApplicationContext: initialization completed in 5403 ms
HHH000204: Processing PersistenceUnitInfo [name: default]
HHH000412: Hibernate ORM core version 5.4.12.Final
HCANN000001: Hibernate Commons Annotations {5.1.0.Final}
{dataSource-1} inited
HHH000400: Using dialect: org.hibernate.dialect.MySQL8Dialect
HHH000490: Using JtaPlatform implementation: [org.hibernate.engine.transaction.jta.platform.internal.NoJtaPlatform]
Initialized JPA EntityManagerFactory for persistence unit 'default'
spring.jpa.open-in-view is enabled by default. Therefore, database queries may be performed during view rendering. Explicitly configure spring.jpa.open-in-view to disable this warning
Starting ProtocolHandler ["http-nio-8080"]
Tomcat started on port(s): 8080 (http) with context path '/ordering-system'
Started OrderingSystemApplication in 15.826 seconds (JVM running for 19.353)
从classpath: /D:/IDEAProject/ordering-system/target/classes/ 获取属性文件acp_sdk.properties
开始从属性文件中加载配置项
配置项：私钥签名证书路径==>acpsdk.signCert.path==>/certs/acp_test_sign.pfx 已加载
配置项：私钥签名证书密码==>acpsdk.signCert.pwd 已加载
配置项：私钥签名证书类型==>acpsdk.signCert.type==>PKCS12 已加载
配置项：敏感信息加密证书==>acpsdk.encryptCert.path==>D:/certs/acp_test_enc.cer 已加载
Initializing Spring DispatcherServlet 'dispatcherServlet'
Initializing Servlet 'dispatcherServlet'
Completed initialization in 11 ms
【登录校验】Cookie中查不到token
Starting without optional epoll library
Starting without optional kqueue library
【登录校验】Cookie中查不到token
【登录校验】Cookie中查不到token
Starting OrderingSystemApplication on DESKTOP-ER1O27V with PID 32708 (D:\IDEAProject\ordering-system\target\classes started by Dong in D:\IDEAProject\ordering-system)
No active profile set, falling back to default profiles: default
No MyBatis mapper was found in '[com.dongtian.orderingsystem]' package. Please check your configuration.
Multiple Spring Data modules found, entering strict repository configuration mode!
Bootstrapping Spring Data JPA repositories in DEFAULT mode.
Finished Spring Data repository scanning in 203ms. Found 9 JPA repository interfaces.
Multiple Spring Data modules found, entering strict repository configuration mode!
Bootstrapping Spring Data Redis repositories in DEFAULT mode.
Spring Data Redis - Could not safely identify store assignment for repository candidate interface com.dongtian.orderingsystem.dao.OrderDetailRepository. If you want this repository to be a Redis repository, consider annotating your entities with one of these annotations: org.springframework.data.redis.core.RedisHash (preferred), or consider extending one of the following types with your repository: org.springframework.data.keyvalue.repository.KeyValueRepository.
Spring Data Redis - Could not safely identify store assignment for repository candidate interface com.dongtian.orderingsystem.dao.OrderInfoRepository. If you want this repository to be a Redis repository, consider annotating your entities with one of these annotations: org.springframework.data.redis.core.RedisHash (preferred), or consider extending one of the following types with your repository: org.springframework.data.keyvalue.repository.KeyValueRepository.
Spring Data Redis - Could not safely identify store assignment for repository candidate interface com.dongtian.orderingsystem.dao.PaymentInfoRepository. If you want this repository to be a Redis repository, consider annotating your entities with one of these annotations: org.springframework.data.redis.core.RedisHash (preferred), or consider extending one of the following types with your repository: org.springframework.data.keyvalue.repository.KeyValueRepository.
Spring Data Redis - Could not safely identify store assignment for repository candidate interface com.dongtian.orderingsystem.dao.PaymentTypeRepository. If you want this repository to be a Redis repository, consider annotating your entities with one of these annotations: org.springframework.data.redis.core.RedisHash (preferred), or consider extending one of the following types with your repository: org.springframework.data.keyvalue.repository.KeyValueRepository.
Spring Data Redis - Could not safely identify store assignment for repository candidate interface com.dongtian.orderingsystem.dao.ProductCategoryRepository. If you want this repository to be a Redis repository, consider annotating your entities with one of these annotations: org.springframework.data.redis.core.RedisHash (preferred), or consider extending one of the following types with your repository: org.springframework.data.keyvalue.repository.KeyValueRepository.
Spring Data Redis - Could not safely identify store assignment for repository candidate interface com.dongtian.orderingsystem.dao.ProductInfoRepository. If you want this repository to be a Redis repository, consider annotating your entities with one of these annotations: org.springframework.data.redis.core.RedisHash (preferred), or consider extending one of the following types with your repository: org.springframework.data.keyvalue.repository.KeyValueRepository.
Spring Data Redis - Could not safely identify store assignment for repository candidate interface com.dongtian.orderingsystem.dao.ShopsRepository. If you want this repository to be a Redis repository, consider annotating your entities with one of these annotations: org.springframework.data.redis.core.RedisHash (preferred), or consider extending one of the following types with your repository: org.springframework.data.keyvalue.repository.KeyValueRepository.
Spring Data Redis - Could not safely identify store assignment for repository candidate interface com.dongtian.orderingsystem.dao.SupportsRepository. If you want this repository to be a Redis repository, consider annotating your entities with one of these annotations: org.springframework.data.redis.core.RedisHash (preferred), or consider extending one of the following types with your repository: org.springframework.data.keyvalue.repository.KeyValueRepository.
Spring Data Redis - Could not safely identify store assignment for repository candidate interface com.dongtian.orderingsystem.dao.UserRepository. If you want this repository to be a Redis repository, consider annotating your entities with one of these annotations: org.springframework.data.redis.core.RedisHash (preferred), or consider extending one of the following types with your repository: org.springframework.data.keyvalue.repository.KeyValueRepository.
Finished Spring Data repository scanning in 53ms. Found 0 Redis repository interfaces.
Tomcat initialized with port(s): 8080 (http)
Initializing ProtocolHandler ["http-nio-8080"]
Starting service [Tomcat]
Starting Servlet engine: [Apache Tomcat/9.0.31]
Initializing Spring embedded WebApplicationContext
Root WebApplicationContext: initialization completed in 3615 ms
HHH000204: Processing PersistenceUnitInfo [name: default]
HHH000412: Hibernate ORM core version 5.4.12.Final
HCANN000001: Hibernate Commons Annotations {5.1.0.Final}
{dataSource-1} inited
HHH000400: Using dialect: org.hibernate.dialect.MySQL8Dialect
HHH000490: Using JtaPlatform implementation: [org.hibernate.engine.transaction.jta.platform.internal.NoJtaPlatform]
Initialized JPA EntityManagerFactory for persistence unit 'default'
spring.jpa.open-in-view is enabled by default. Therefore, database queries may be performed during view rendering. Explicitly configure spring.jpa.open-in-view to disable this warning
Starting ProtocolHandler ["http-nio-8080"]
Tomcat started on port(s): 8080 (http) with context path '/ordering-system'
Started OrderingSystemApplication in 12.952 seconds (JVM running for 15.754)
从classpath: /D:/IDEAProject/ordering-system/target/classes/ 获取属性文件acp_sdk.properties
开始从属性文件中加载配置项
配置项：私钥签名证书路径==>acpsdk.signCert.path==>/certs/acp_test_sign.pfx 已加载
配置项：私钥签名证书密码==>acpsdk.signCert.pwd 已加载
配置项：私钥签名证书类型==>acpsdk.signCert.type==>PKCS12 已加载
配置项：敏感信息加密证书==>acpsdk.encryptCert.path==>D:/certs/acp_test_enc.cer 已加载
Initializing Spring DispatcherServlet 'dispatcherServlet'
Initializing Servlet 'dispatcherServlet'
Completed initialization in 9 ms
